
Showing logs for build [32mseldonio-seldon-core-pr-1030-li-lk6p9-5[0m stage [32mpython-lint-task[0m and container [32mstep-credential-initializer-6ns7j[0m
{"level":"warn","ts":1572976476.5379257,"logger":"fallback-logger","caller":"logging/config.go:69","msg":"Fetch GitHub commit ID from kodata failed: \"ref: refs/heads/master\" is not a valid GitHub commit ID"}
{"level":"info","ts":1572976476.5393202,"logger":"fallback-logger","caller":"creds-init/main.go:40","msg":"Credentials initialized."}

Showing logs for build [32mseldonio-seldon-core-pr-1030-li-lk6p9-5[0m stage [32mpython-lint-task[0m and container [32mstep-working-dir-initializer-5qttl[0m
{"level":"warn","ts":1572976477.6450808,"logger":"fallback-logger","caller":"logging/config.go:69","msg":"Fetch GitHub commit ID from kodata failed: open /var/run/ko/HEAD: no such file or directory"}
{"level":"info","ts":1572976477.646482,"logger":"fallback-logger","caller":"bash/main.go:65","msg":"Successfully executed command \"mkdir -p /workspace/source\""}

Showing logs for build [32mseldonio-seldon-core-pr-1030-li-lk6p9-5[0m stage [32mpython-lint-task[0m and container [32mstep-place-tools[0m

Showing logs for build [32mseldonio-seldon-core-pr-1030-li-lk6p9-5[0m stage [32mpython-lint-task[0m and container [32mstep-git-source-seldonio-seldon-core-pr-1030-li-psqh2[0m
{"level":"warn","ts":1572976483.671123,"logger":"fallback-logger","caller":"logging/config.go:69","msg":"Fetch GitHub commit ID from kodata failed: \"ref: refs/heads/master\" is not a valid GitHub commit ID"}
{"level":"info","ts":1572976487.0020883,"logger":"fallback-logger","caller":"git/git.go:102","msg":"Successfully cloned https://github.com/SeldonIO/seldon-core.git @ master in path /workspace/source"}

Showing logs for build [32mseldonio-seldon-core-pr-1030-li-lk6p9-5[0m stage [32mpython-lint-task[0m and container [32mstep-git-merge[0m
Using SHAs from PULL_REFS=master:6327ca07306d1d1ccecd3232f85b9641dda96667,1030:f364c508ef3391ef78077d0bcde90f5307d97223
DEBUG: ran git fetch --unshallow origin f364c508ef3391ef78077d0bcde90f5307d97223: 6327ca07306d1d1ccecd3232f85b9641dda96667: in 
DEBUG: ran git checkout master in 
DEBUG: ran git reset --hard 6327ca07306d1d1ccecd3232f85b9641dda96667 in 
DEBUG: ran clean --force -d . in 
DEBUG: ran git merge f364c508ef3391ef78077d0bcde90f5307d97223 in 
Merged SHA 05df55e880f310b593df402ee10c7e8cdf1ea068 with commit message 'Merge commit 'f364c508ef3391ef78077d0bcde90f5307d97223'' into base branch master
Merged SHA f364c508ef3391ef78077d0bcde90f5307d97223 with commit message 'Update documentation' into base branch master
Merged SHA 15c38e6261eacb286ce6f21e9723d06feaf243e1 with commit message 'Merge remote-tracking branch 'upstream/master' into no_json_formatting' into base branch master
Merged SHA 5f76f897d76f34e3a7adbdff7c12edd00dc8a3f9 with commit message 'Convert from string to boolean' into base branch master
Merged SHA b437c3c30e43f58499e33185436565c03acb9056 with commit message 'Run linter' into base branch master
Merged SHA e7ecb9a49dd4ee882642a68c5023a8231734165a with commit message 'Merge remote-tracking branch 'upstream/master' into no_json_formatting' into base branch master
Merged SHA ad96cf8e0e6c585f341980d95e98278c93ae6478 with commit message 'Allow env vars to change flask app behavior' into base branch master

Showing logs for build [32mseldonio-seldon-core-pr-1030-li-lk6p9-5[0m stage [32mpython-lint-task[0m and container [32mstep-python-lint[0m
make: Entering directory '/workspace/source/python'
pip install black==19.3b0
Collecting black==19.3b0
  Downloading https://files.pythonhosted.org/packages/30/62/cf549544a5fe990bbaeca21e9c419501b2de7a701ab0afb377bc81676600/black-19.3b0-py36-none-any.whl (89kB)
Collecting attrs>=18.1.0
  Downloading https://files.pythonhosted.org/packages/a2/db/4313ab3be961f7a763066401fb77f7748373b6094076ae2bda2806988af6/attrs-19.3.0-py2.py3-none-any.whl
Collecting appdirs
  Downloading https://files.pythonhosted.org/packages/56/eb/810e700ed1349edde4cbdc1b2a21e28cdf115f9faf263f6bbf8447c1abf3/appdirs-1.4.3-py2.py3-none-any.whl
Collecting toml>=0.9.4
  Downloading https://files.pythonhosted.org/packages/a2/12/ced7105d2de62fa7c8fb5fce92cc4ce66b57c95fb875e9318dba7f8c5db0/toml-0.10.0-py2.py3-none-any.whl
Collecting click>=6.5
  Downloading https://files.pythonhosted.org/packages/fa/37/45185cb5abbc30d7257104c434fe0b07e5a195a6847506c074527aa599ec/Click-7.0-py2.py3-none-any.whl (81kB)
Installing collected packages: attrs, appdirs, toml, click, black
Successfully installed appdirs-1.4.3 attrs-19.3.0 black-19.3b0 click-7.0 toml-0.10.0
black \
	--check ./ ../testing \
	--exclude "(testing/scripts/proto|seldon_core/proto/|.eggs)"
All done! ✨ 🍰 ✨
50 files would be left unchanged.
make: Leaving directory '/workspace/source/python'
