
Showing logs for build [32mmeta-seldonio-seldon-core-pr-99-qt88b-13[0m stage [32mmeta-pipeline[0m and container [32mstep-credential-initializer-ptdnc[0m
{"level":"warn","ts":1572431040.4616392,"logger":"fallback-logger","caller":"logging/config.go:69","msg":"Fetch GitHub commit ID from kodata failed: \"ref: refs/heads/master\" is not a valid GitHub commit ID"}
{"level":"info","ts":1572431040.4625564,"logger":"fallback-logger","caller":"creds-init/main.go:40","msg":"Credentials initialized."}

Showing logs for build [32mmeta-seldonio-seldon-core-pr-99-qt88b-13[0m stage [32mmeta-pipeline[0m and container [32mstep-working-dir-initializer-5vfv2[0m
{"level":"warn","ts":1572431041.8133867,"logger":"fallback-logger","caller":"logging/config.go:69","msg":"Fetch GitHub commit ID from kodata failed: open /var/run/ko/HEAD: no such file or directory"}
{"level":"info","ts":1572431041.8149035,"logger":"fallback-logger","caller":"bash/main.go:65","msg":"Successfully executed command \"mkdir -p /workspace/source\""}

Showing logs for build [32mmeta-seldonio-seldon-core-pr-99-qt88b-13[0m stage [32mmeta-pipeline[0m and container [32mstep-place-tools[0m

Showing logs for build [32mmeta-seldonio-seldon-core-pr-99-qt88b-13[0m stage [32mmeta-pipeline[0m and container [32mstep-git-source-meta-seldonio-seldon-core-pr-99-4pjl2[0m
{"level":"warn","ts":1572431046.9956234,"logger":"fallback-logger","caller":"logging/config.go:69","msg":"Fetch GitHub commit ID from kodata failed: \"ref: refs/heads/master\" is not a valid GitHub commit ID"}
{"level":"info","ts":1572431050.354024,"logger":"fallback-logger","caller":"git/git.go:102","msg":"Successfully cloned https://github.com/SeldonIO/seldon-core.git @ 9f777b114de697d933f7fed3b9894ee9a63b6d03 in path /workspace/source"}

Showing logs for build [32mmeta-seldonio-seldon-core-pr-99-qt88b-13[0m stage [32mmeta-pipeline[0m and container [32mstep-git-merge[0m
Using SHAs from PULL_REFS=master:9f777b114de697d933f7fed3b9894ee9a63b6d03,994:40220f138565b4a5646fb3ec9e9f781a64aabe8c
DEBUG: ran git fetch --unshallow origin 40220f138565b4a5646fb3ec9e9f781a64aabe8c: 9f777b114de697d933f7fed3b9894ee9a63b6d03: in 
DEBUG: ran git checkout master in 
DEBUG: ran git reset --hard 9f777b114de697d933f7fed3b9894ee9a63b6d03 in 
DEBUG: ran clean --force -d . in 
DEBUG: ran git merge 40220f138565b4a5646fb3ec9e9f781a64aabe8c in 
Merged SHA 1c1568b4389ffca92da4d8a68a55e2ae729a4a98 with commit message 'Merge commit '40220f138565b4a5646fb3ec9e9f781a64aabe8c'' into base branch master
Merged SHA 40220f138565b4a5646fb3ec9e9f781a64aabe8c with commit message 'Updated names' into base branch master
Merged SHA 73ed6a0cba19a273ac7950d27d6dfeadc032626f with commit message 'Added extra **' into base branch master
Merged SHA 446370001f6a6efa0f6e36711372d95ab8fb695c with commit message 'Run test' into base branch master
Merged SHA db69d23a53ecec3f3997192fb2eac1e52dba2207 with commit message 'added back version' into base branch master
Merged SHA 05246024de93f7b231c15e426f87144c1c58e1ba with commit message 'Added ignore for version' into base branch master
Merged SHA c933767a02a327285b82dbc8314cb74d9080fa03 with commit message 'release -' into base branch master
Merged SHA 35849482afdb22d7a795d8ea6a0fafe432d9bc00 with commit message 'Added final release piece' into base branch master
Merged SHA 3e0a68d7c51f0d9f0156d0c495bea6cb08707f40 with commit message 'Fixed typo' into base branch master
Merged SHA e3b812f85bcaf20ee07717e1057aed6aa46b0010 with commit message 'Added the steps to push images' into base branch master
Merged SHA a725010ba49b891f365c1fb552733a31e02aabe8 with commit message 'Merge remote-tracking branch 'upstream/master' into e2e_**_bdd_tests' into base branch master
Merged SHA a32733dd477d444bae3660b2add6877909992c09 with commit message 'Fixed typo in ** pipeline' into base branch master
Merged SHA dca019e897fc6bf6be02aa7e12d70dcc3065345c with commit message 'Merge branch 'e2e_**_bdd_tests' of https://github.com/axsaucedo/seldon-core into e2e_**_bdd_tests' into base branch master
Merged SHA 79f996f25c16102e08c96250702010a2ccadaf3c with commit message 'Added configuration for release' into base branch master
Merged SHA b0eae4ee04a8b334e889277c111798bacf27afd2 with commit message 'added' into base branch master
Merged SHA 094f47325afb1e176cabbb0bdde98c0511d284a7 with commit message 'Merge branch 'master' into e2e_**_bdd_tests' into base branch master
Merged SHA 222efb7dd694eb733094dd67cf9ba3a0c58c4496 with commit message 'Added functionality for e2e files' into base branch master

Showing logs for build [32mmeta-seldonio-seldon-core-pr-99-qt88b-13[0m stage [32mmeta-pipeline[0m and container [32mstep-merge-pull-refs[0m
DEBUG: ran git fetch origin 40220f138565b4a5646fb3ec9e9f781a64aabe8c: 9f777b114de697d933f7fed3b9894ee9a63b6d03: in 
DEBUG: Unshallowed git repo in 
DEBUG: ran git checkout master in 
DEBUG: ran git reset --hard 9f777b114de697d933f7fed3b9894ee9a63b6d03 in 
DEBUG: ran clean --force -d . in 
DEBUG: ran git merge 40220f138565b4a5646fb3ec9e9f781a64aabe8c in 
Merged SHA cbb342db37de96005b4c8f4197544928fb841b7a with commit message 'Merge commit '40220f138565b4a5646fb3ec9e9f781a64aabe8c'' into base branch master
Merged SHA 40220f138565b4a5646fb3ec9e9f781a64aabe8c with commit message 'Updated names' into base branch master
Merged SHA 73ed6a0cba19a273ac7950d27d6dfeadc032626f with commit message 'Added extra **' into base branch master
Merged SHA 446370001f6a6efa0f6e36711372d95ab8fb695c with commit message 'Run test' into base branch master
Merged SHA db69d23a53ecec3f3997192fb2eac1e52dba2207 with commit message 'added back version' into base branch master
Merged SHA 05246024de93f7b231c15e426f87144c1c58e1ba with commit message 'Added ignore for version' into base branch master
Merged SHA c933767a02a327285b82dbc8314cb74d9080fa03 with commit message 'release -' into base branch master
Merged SHA 35849482afdb22d7a795d8ea6a0fafe432d9bc00 with commit message 'Added final release piece' into base branch master
Merged SHA 3e0a68d7c51f0d9f0156d0c495bea6cb08707f40 with commit message 'Fixed typo' into base branch master
Merged SHA e3b812f85bcaf20ee07717e1057aed6aa46b0010 with commit message 'Added the steps to push images' into base branch master
Merged SHA a725010ba49b891f365c1fb552733a31e02aabe8 with commit message 'Merge remote-tracking branch 'upstream/master' into e2e_**_bdd_tests' into base branch master
Merged SHA a32733dd477d444bae3660b2add6877909992c09 with commit message 'Fixed typo in ** pipeline' into base branch master
Merged SHA dca019e897fc6bf6be02aa7e12d70dcc3065345c with commit message 'Merge branch 'e2e_**_bdd_tests' of https://github.com/axsaucedo/seldon-core into e2e_**_bdd_tests' into base branch master
Merged SHA 79f996f25c16102e08c96250702010a2ccadaf3c with commit message 'Added configuration for release' into base branch master
Merged SHA b0eae4ee04a8b334e889277c111798bacf27afd2 with commit message 'added' into base branch master
Merged SHA 094f47325afb1e176cabbb0bdde98c0511d284a7 with commit message 'Merge branch 'master' into e2e_**_bdd_tests' into base branch master
Merged SHA 222efb7dd694eb733094dd67cf9ba3a0c58c4496 with commit message 'Added functionality for e2e files' into base branch master

Showing logs for build [32mmeta-seldonio-seldon-core-pr-99-qt88b-13[0m stage [32mmeta-pipeline[0m and container [32mstep-create-effective-pipeline[0m
error: failed to load project config in dir /workspace/source: Validation failures in YAML file /workspace/source/jenkins-x-lint.yml:
pipelineConfig.pipelines.pullRequest.pipeline.stages.0.parallel: Invalid type. Expected: array, given: object
[31m
Pipeline failed on stage 'meta-pipeline' : container 'step-create-effective-pipeline'. The execution of the pipeline has stopped.[0m
