
Showing logs for build [32mseldonio-seldon-core-pr-994-lin-15[0m stage [32mpython-lint-task[0m and container [32mstep-credential-initializer-q6rgd[0m
{"level":"warn","ts":1572431306.4392984,"logger":"fallback-logger","caller":"logging/config.go:69","msg":"Fetch GitHub commit ID from kodata failed: \"ref: refs/heads/master\" is not a valid GitHub commit ID"}
{"level":"info","ts":1572431306.440406,"logger":"fallback-logger","caller":"creds-init/main.go:40","msg":"Credentials initialized."}

Showing logs for build [32mseldonio-seldon-core-pr-994-lin-15[0m stage [32mpython-lint-task[0m and container [32mstep-working-dir-initializer-xfcgx[0m
{"level":"warn","ts":1572431307.6893318,"logger":"fallback-logger","caller":"logging/config.go:69","msg":"Fetch GitHub commit ID from kodata failed: open /var/run/ko/HEAD: no such file or directory"}
{"level":"info","ts":1572431307.6947427,"logger":"fallback-logger","caller":"bash/main.go:65","msg":"Successfully executed command \"mkdir -p /workspace/source\""}

Showing logs for build [32mseldonio-seldon-core-pr-994-lin-15[0m stage [32mpython-lint-task[0m and container [32mstep-place-tools[0m

Showing logs for build [32mseldonio-seldon-core-pr-994-lin-15[0m stage [32mpython-lint-task[0m and container [32mstep-git-source-seldonio-seldon-core-pr-994-lin-tqkzx[0m
{"level":"warn","ts":1572431316.604384,"logger":"fallback-logger","caller":"logging/config.go:69","msg":"Fetch GitHub commit ID from kodata failed: \"ref: refs/heads/master\" is not a valid GitHub commit ID"}
{"level":"info","ts":1572431320.9659245,"logger":"fallback-logger","caller":"git/git.go:102","msg":"Successfully cloned https://github.com/SeldonIO/seldon-core.git @ master in path /workspace/source"}

Showing logs for build [32mseldonio-seldon-core-pr-994-lin-15[0m stage [32mpython-lint-task[0m and container [32mstep-git-merge[0m
Using SHAs from PULL_REFS=master:9f777b114de697d933f7fed3b9894ee9a63b6d03,994:0930a018931afbe1c93bd0b14dfbf9e697742e07
DEBUG: ran git fetch --unshallow origin 0930a018931afbe1c93bd0b14dfbf9e697742e07: 9f777b114de697d933f7fed3b9894ee9a63b6d03: in 
DEBUG: ran git checkout master in 
DEBUG: ran git reset --hard 9f777b114de697d933f7fed3b9894ee9a63b6d03 in 
DEBUG: ran clean --force -d . in 
DEBUG: ran git merge 0930a018931afbe1c93bd0b14dfbf9e697742e07 in 
Merged SHA 7157ef39ba0b08fc568f110368d9b746356644d0 with commit message 'Merge commit '0930a018931afbe1c93bd0b14dfbf9e697742e07'' into base branch master
Merged SHA 0930a018931afbe1c93bd0b14dfbf9e697742e07 with commit message 'Added linter' into base branch master
Merged SHA 40220f138565b4a5646fb3ec9e9f781a64aabe8c with commit message 'Updated names' into base branch master
Merged SHA 73ed6a0cba19a273ac7950d27d6dfeadc032626f with commit message 'Added extra **' into base branch master
Merged SHA 446370001f6a6efa0f6e36711372d95ab8fb695c with commit message 'Run test' into base branch master
Merged SHA db69d23a53ecec3f3997192fb2eac1e52dba2207 with commit message 'added back version' into base branch master
Merged SHA 05246024de93f7b231c15e426f87144c1c58e1ba with commit message 'Added ignore for version' into base branch master
Merged SHA c933767a02a327285b82dbc8314cb74d9080fa03 with commit message 'release -' into base branch master
Merged SHA 35849482afdb22d7a795d8ea6a0fafe432d9bc00 with commit message 'Added final release piece' into base branch master
Merged SHA 3e0a68d7c51f0d9f0156d0c495bea6cb08707f40 with commit message 'Fixed typo' into base branch master
Merged SHA e3b812f85bcaf20ee07717e1057aed6aa46b0010 with commit message 'Added the steps to push images' into base branch master
Merged SHA a725010ba49b891f365c1fb552733a31e02aabe8 with commit message 'Merge remote-tracking branch 'upstream/master' into e2e_**_bdd_tests' into base branch master
Merged SHA a32733dd477d444bae3660b2add6877909992c09 with commit message 'Fixed typo in ** pipeline' into base branch master
Merged SHA dca019e897fc6bf6be02aa7e12d70dcc3065345c with commit message 'Merge branch 'e2e_**_bdd_tests' of https://github.com/axsaucedo/seldon-core into e2e_**_bdd_tests' into base branch master
Merged SHA 79f996f25c16102e08c96250702010a2ccadaf3c with commit message 'Added configuration for release' into base branch master
Merged SHA b0eae4ee04a8b334e889277c111798bacf27afd2 with commit message 'added' into base branch master
Merged SHA 094f47325afb1e176cabbb0bdde98c0511d284a7 with commit message 'Merge branch 'master' into e2e_**_bdd_tests' into base branch master
Merged SHA 222efb7dd694eb733094dd67cf9ba3a0c58c4496 with commit message 'Added functionality for e2e files' into base branch master

Showing logs for build [32mseldonio-seldon-core-pr-994-lin-15[0m stage [32mpython-lint-task[0m and container [32mstep-python-lint[0m
make: Entering directory '/workspace/source/python'
pip install black==19.3b0
Collecting black==19.3b0
  Downloading https://files.pythonhosted.org/packages/30/62/cf549544a5fe990bbaeca21e9c419501b2de7a701ab0afb377bc81676600/black-19.3b0-py36-none-any.whl (89kB)
Collecting click>=6.5
  Downloading https://files.pythonhosted.org/packages/fa/37/45185cb5abbc30d7257104c434fe0b07e5a195a6847506c074527aa599ec/Click-7.0-py2.py3-none-any.whl (81kB)
Collecting attrs>=18.1.0
  Downloading https://files.pythonhosted.org/packages/a2/db/4313ab3be961f7a763066401fb77f7748373b6094076ae2bda2806988af6/attrs-19.3.0-py2.py3-none-any.whl
Collecting toml>=0.9.4
  Downloading https://files.pythonhosted.org/packages/a2/12/ced7105d2de62fa7c8fb5fce92cc4ce66b57c95fb875e9318dba7f8c5db0/toml-0.10.0-py2.py3-none-any.whl
Collecting appdirs
  Downloading https://files.pythonhosted.org/packages/56/eb/810e700ed1349edde4cbdc1b2a21e28cdf115f9faf263f6bbf8447c1abf3/appdirs-1.4.3-py2.py3-none-any.whl
Installing collected packages: click, attrs, toml, appdirs, black
Successfully installed appdirs-1.4.3 attrs-19.3.0 black-19.3b0 click-7.0 toml-0.10.0
black \
	--check ./ ../testing \
	--exclude "(testing/scripts/proto|seldon_core/proto/|.eggs)"
would reformat /workspace/source/python/seldon_core/wrapper.py
would reformat /workspace/source/python/tests/test_model_microservice.py
All done! 💥 💔 💥
2 files would be reformatted, 46 files would be left unchanged.
Makefile:99: recipe for target 'run_linter_check' failed
make: Leaving directory '/workspace/source/python'
make: *** [run_linter_check] Error 1
[31m
Pipeline failed on stage 'python-lint-task' : container 'step-python-lint'. The execution of the pipeline has stopped.[0m
