
Showing logs for build [32mmeta-seldonio-seldon-core-pr-99-h49tg-2[0m stage [32mmeta-pipeline[0m and container [32mstep-credential-initializer-rdkp8[0m
{"level":"warn","ts":1572098702.1677232,"logger":"fallback-logger","caller":"logging/config.go:69","msg":"Fetch GitHub commit ID from kodata failed: \"ref: refs/heads/master\" is not a valid GitHub commit ID"}
{"level":"info","ts":1572098702.169037,"logger":"fallback-logger","caller":"creds-init/main.go:40","msg":"Credentials initialized."}

Showing logs for build [32mmeta-seldonio-seldon-core-pr-99-h49tg-2[0m stage [32mmeta-pipeline[0m and container [32mstep-working-dir-initializer-45rds[0m
{"level":"warn","ts":1572098702.5922222,"logger":"fallback-logger","caller":"logging/config.go:69","msg":"Fetch GitHub commit ID from kodata failed: open /var/run/ko/HEAD: no such file or directory"}
{"level":"info","ts":1572098702.5990796,"logger":"fallback-logger","caller":"bash/main.go:65","msg":"Successfully executed command \"mkdir -p /workspace/source\""}

Showing logs for build [32mmeta-seldonio-seldon-core-pr-99-h49tg-2[0m stage [32mmeta-pipeline[0m and container [32mstep-place-tools[0m

Showing logs for build [32mmeta-seldonio-seldon-core-pr-99-h49tg-2[0m stage [32mmeta-pipeline[0m and container [32mstep-git-source-meta-seldonio-seldon-core-pr-99-ncppd[0m
{"level":"warn","ts":1572098708.701805,"logger":"fallback-logger","caller":"logging/config.go:69","msg":"Fetch GitHub commit ID from kodata failed: \"ref: refs/heads/master\" is not a valid GitHub commit ID"}
{"level":"info","ts":1572098711.7258608,"logger":"fallback-logger","caller":"git/git.go:102","msg":"Successfully cloned https://github.com/SeldonIO/seldon-core.git @ 172aa1346b7ccdea223f97037b9ec6170406fc12 in path /workspace/source"}

Showing logs for build [32mmeta-seldonio-seldon-core-pr-99-h49tg-2[0m stage [32mmeta-pipeline[0m and container [32mstep-git-merge[0m
Using SHAs from PULL_REFS=master:172aa1346b7ccdea223f97037b9ec6170406fc12,994:dca019e897fc6bf6be02aa7e12d70dcc3065345c
DEBUG: ran git fetch --unshallow origin dca019e897fc6bf6be02aa7e12d70dcc3065345c: 172aa1346b7ccdea223f97037b9ec6170406fc12: in 
DEBUG: ran git checkout master in 
DEBUG: ran git reset --hard 172aa1346b7ccdea223f97037b9ec6170406fc12 in 
DEBUG: ran clean --force -d . in 
DEBUG: ran git merge dca019e897fc6bf6be02aa7e12d70dcc3065345c in 
Merged SHA dca019e897fc6bf6be02aa7e12d70dcc3065345c with commit message 'Merge branch 'e2e_**_bdd_tests' of https://github.com/axsaucedo/seldon-core into e2e_**_bdd_tests' into base branch master
Merged SHA 79f996f25c16102e08c96250702010a2ccadaf3c with commit message 'Added configuration for release' into base branch master
Merged SHA b0eae4ee04a8b334e889277c111798bacf27afd2 with commit message 'added' into base branch master
Merged SHA 094f47325afb1e176cabbb0bdde98c0511d284a7 with commit message 'Merge branch 'master' into e2e_**_bdd_tests' into base branch master
Merged SHA 222efb7dd694eb733094dd67cf9ba3a0c58c4496 with commit message 'Added functionality for e2e files' into base branch master

Showing logs for build [32mmeta-seldonio-seldon-core-pr-99-h49tg-2[0m stage [32mmeta-pipeline[0m and container [32mstep-merge-pull-refs[0m
DEBUG: ran git fetch origin dca019e897fc6bf6be02aa7e12d70dcc3065345c: 172aa1346b7ccdea223f97037b9ec6170406fc12: in 
DEBUG: Unshallowed git repo in 
DEBUG: ran git checkout master in 
DEBUG: ran git reset --hard 172aa1346b7ccdea223f97037b9ec6170406fc12 in 
DEBUG: ran clean --force -d . in 
DEBUG: ran git merge dca019e897fc6bf6be02aa7e12d70dcc3065345c in 
Merged SHA dca019e897fc6bf6be02aa7e12d70dcc3065345c with commit message 'Merge branch 'e2e_**_bdd_tests' of https://github.com/axsaucedo/seldon-core into e2e_**_bdd_tests' into base branch master
Merged SHA 79f996f25c16102e08c96250702010a2ccadaf3c with commit message 'Added configuration for release' into base branch master
Merged SHA b0eae4ee04a8b334e889277c111798bacf27afd2 with commit message 'added' into base branch master
Merged SHA 094f47325afb1e176cabbb0bdde98c0511d284a7 with commit message 'Merge branch 'master' into e2e_**_bdd_tests' into base branch master
Merged SHA 222efb7dd694eb733094dd67cf9ba3a0c58c4496 with commit message 'Added functionality for e2e files' into base branch master

Showing logs for build [32mmeta-seldonio-seldon-core-pr-99-h49tg-2[0m stage [32mmeta-pipeline[0m and container [32mstep-create-effective-pipeline[0m
error: failed to load project config in dir /workspace/source: Validation failures in YAML file /workspace/source/jenkins-x.yml:
pipelineConfig: Additional property pullRequest is not allowed
pipelineConfig: Additional property release is not allowed
[31m
Pipeline failed on stage 'meta-pipeline' : container 'step-create-effective-pipeline'. The execution of the pipeline has stopped.[0m
