
Showing logs for build [32mmeta-seldonio-seldon-core-pr-99-2tkkn-5[0m stage [32mmeta-pipeline[0m and container [32mstep-credential-initializer-kqfqt[0m
{"level":"warn","ts":1572186452.6746194,"logger":"fallback-logger","caller":"logging/config.go:69","msg":"Fetch GitHub commit ID from kodata failed: \"ref: refs/heads/master\" is not a valid GitHub commit ID"}
{"level":"info","ts":1572186452.675412,"logger":"fallback-logger","caller":"creds-init/main.go:40","msg":"Credentials initialized."}

Showing logs for build [32mmeta-seldonio-seldon-core-pr-99-2tkkn-5[0m stage [32mmeta-pipeline[0m and container [32mstep-working-dir-initializer-qhlz7[0m
{"level":"warn","ts":1572186453.9750702,"logger":"fallback-logger","caller":"logging/config.go:69","msg":"Fetch GitHub commit ID from kodata failed: open /var/run/ko/HEAD: no such file or directory"}
{"level":"info","ts":1572186454.0249074,"logger":"fallback-logger","caller":"bash/main.go:65","msg":"Successfully executed command \"mkdir -p /workspace/source\""}

Showing logs for build [32mmeta-seldonio-seldon-core-pr-99-2tkkn-5[0m stage [32mmeta-pipeline[0m and container [32mstep-place-tools[0m

Showing logs for build [32mmeta-seldonio-seldon-core-pr-99-2tkkn-5[0m stage [32mmeta-pipeline[0m and container [32mstep-git-source-meta-seldonio-seldon-core-pr-99-4w7xl[0m
{"level":"warn","ts":1572186459.1008728,"logger":"fallback-logger","caller":"logging/config.go:69","msg":"Fetch GitHub commit ID from kodata failed: \"ref: refs/heads/master\" is not a valid GitHub commit ID"}
{"level":"info","ts":1572186462.4944503,"logger":"fallback-logger","caller":"git/git.go:102","msg":"Successfully cloned https://github.com/SeldonIO/seldon-core.git @ 922c804e031381a23a2936f1a7d22a66f5c4e3be in path /workspace/source"}

Showing logs for build [32mmeta-seldonio-seldon-core-pr-99-2tkkn-5[0m stage [32mmeta-pipeline[0m and container [32mstep-git-merge[0m
Using SHAs from PULL_REFS=master:922c804e031381a23a2936f1a7d22a66f5c4e3be,994:e3b812f85bcaf20ee07717e1057aed6aa46b0010
DEBUG: ran git fetch --unshallow origin e3b812f85bcaf20ee07717e1057aed6aa46b0010: 922c804e031381a23a2936f1a7d22a66f5c4e3be: in 
DEBUG: ran git checkout master in 
DEBUG: ran git reset --hard 922c804e031381a23a2936f1a7d22a66f5c4e3be in 
DEBUG: ran clean --force -d . in 
DEBUG: ran git merge e3b812f85bcaf20ee07717e1057aed6aa46b0010 in 
Merged SHA e3b812f85bcaf20ee07717e1057aed6aa46b0010 with commit message 'Added the steps to push images' into base branch master
Merged SHA a725010ba49b891f365c1fb552733a31e02aabe8 with commit message 'Merge remote-tracking branch 'upstream/master' into e2e_**_bdd_tests' into base branch master
Merged SHA a32733dd477d444bae3660b2add6877909992c09 with commit message 'Fixed typo in ** pipeline' into base branch master
Merged SHA dca019e897fc6bf6be02aa7e12d70dcc3065345c with commit message 'Merge branch 'e2e_**_bdd_tests' of https://github.com/axsaucedo/seldon-core into e2e_**_bdd_tests' into base branch master
Merged SHA 79f996f25c16102e08c96250702010a2ccadaf3c with commit message 'Added configuration for release' into base branch master
Merged SHA b0eae4ee04a8b334e889277c111798bacf27afd2 with commit message 'added' into base branch master
Merged SHA 094f47325afb1e176cabbb0bdde98c0511d284a7 with commit message 'Merge branch 'master' into e2e_**_bdd_tests' into base branch master
Merged SHA 222efb7dd694eb733094dd67cf9ba3a0c58c4496 with commit message 'Added functionality for e2e files' into base branch master

Showing logs for build [32mmeta-seldonio-seldon-core-pr-99-2tkkn-5[0m stage [32mmeta-pipeline[0m and container [32mstep-merge-pull-refs[0m
DEBUG: ran git fetch origin e3b812f85bcaf20ee07717e1057aed6aa46b0010: 922c804e031381a23a2936f1a7d22a66f5c4e3be: in 
DEBUG: Unshallowed git repo in 
DEBUG: ran git checkout master in 
DEBUG: ran git reset --hard 922c804e031381a23a2936f1a7d22a66f5c4e3be in 
DEBUG: ran clean --force -d . in 
DEBUG: ran git merge e3b812f85bcaf20ee07717e1057aed6aa46b0010 in 
Merged SHA e3b812f85bcaf20ee07717e1057aed6aa46b0010 with commit message 'Added the steps to push images' into base branch master
Merged SHA a725010ba49b891f365c1fb552733a31e02aabe8 with commit message 'Merge remote-tracking branch 'upstream/master' into e2e_**_bdd_tests' into base branch master
Merged SHA a32733dd477d444bae3660b2add6877909992c09 with commit message 'Fixed typo in ** pipeline' into base branch master
Merged SHA dca019e897fc6bf6be02aa7e12d70dcc3065345c with commit message 'Merge branch 'e2e_**_bdd_tests' of https://github.com/axsaucedo/seldon-core into e2e_**_bdd_tests' into base branch master
Merged SHA 79f996f25c16102e08c96250702010a2ccadaf3c with commit message 'Added configuration for release' into base branch master
Merged SHA b0eae4ee04a8b334e889277c111798bacf27afd2 with commit message 'added' into base branch master
Merged SHA 094f47325afb1e176cabbb0bdde98c0511d284a7 with commit message 'Merge branch 'master' into e2e_**_bdd_tests' into base branch master
Merged SHA 222efb7dd694eb733094dd67cf9ba3a0c58c4496 with commit message 'Added functionality for e2e files' into base branch master

Showing logs for build [32mmeta-seldonio-seldon-core-pr-99-2tkkn-5[0m stage [32mmeta-pipeline[0m and container [32mstep-create-effective-pipeline[0m
error: failed to load project config in dir /workspace/source: failed to validate YAML file /workspace/source/jenkins-x.yml due to yaml: line 23: mapping values are not allowed in this context
[31m
Pipeline failed on stage 'meta-pipeline' : container 'step-create-effective-pipeline'. The execution of the pipeline has stopped.[0m
