
Showing logs for build [32mseldonio-seldon-core-pr-1057-li-mfqj6-8[0m stage [32mpython-lint-task[0m and container [32mstep-credential-initializer-gdm66[0m
{"level":"warn","ts":1573037484.9129155,"logger":"fallback-logger","caller":"logging/config.go:69","msg":"Fetch GitHub commit ID from kodata failed: \"ref: refs/heads/master\" is not a valid GitHub commit ID"}
{"level":"info","ts":1573037484.9141338,"logger":"fallback-logger","caller":"creds-init/main.go:40","msg":"Credentials initialized."}

Showing logs for build [32mseldonio-seldon-core-pr-1057-li-mfqj6-8[0m stage [32mpython-lint-task[0m and container [32mstep-working-dir-initializer-8sbrv[0m
{"level":"warn","ts":1573037486.4953787,"logger":"fallback-logger","caller":"logging/config.go:69","msg":"Fetch GitHub commit ID from kodata failed: open /var/run/ko/HEAD: no such file or directory"}
{"level":"info","ts":1573037486.507551,"logger":"fallback-logger","caller":"bash/main.go:65","msg":"Successfully executed command \"mkdir -p /workspace/source\""}

Showing logs for build [32mseldonio-seldon-core-pr-1057-li-mfqj6-8[0m stage [32mpython-lint-task[0m and container [32mstep-place-tools[0m

Showing logs for build [32mseldonio-seldon-core-pr-1057-li-mfqj6-8[0m stage [32mpython-lint-task[0m and container [32mstep-git-source-seldonio-seldon-core-pr-1057-li-cpvqn[0m
{"level":"warn","ts":1573037493.703437,"logger":"fallback-logger","caller":"logging/config.go:69","msg":"Fetch GitHub commit ID from kodata failed: \"ref: refs/heads/master\" is not a valid GitHub commit ID"}
{"level":"info","ts":1573037496.412406,"logger":"fallback-logger","caller":"git/git.go:102","msg":"Successfully cloned https://github.com/SeldonIO/seldon-core.git @ master in path /workspace/source"}

Showing logs for build [32mseldonio-seldon-core-pr-1057-li-mfqj6-8[0m stage [32mpython-lint-task[0m and container [32mstep-git-merge[0m
Using SHAs from PULL_REFS=master:cb8dadc515538aaf533eecdb76960ea6ffb0b403,1057:71d6af5d380dad82686e1a283612a829cc88313a
DEBUG: ran git fetch --unshallow origin 71d6af5d380dad82686e1a283612a829cc88313a: cb8dadc515538aaf533eecdb76960ea6ffb0b403: in 
DEBUG: ran git checkout master in 
DEBUG: ran git reset --hard cb8dadc515538aaf533eecdb76960ea6ffb0b403 in 
DEBUG: ran clean --force -d . in 
DEBUG: ran git merge 71d6af5d380dad82686e1a283612a829cc88313a in 
Merged SHA dda68448edc9054993b509c9d56fa45381844987 with commit message 'Merge commit '71d6af5d380dad82686e1a283612a829cc88313a'' into base branch master
Merged SHA 71d6af5d380dad82686e1a283612a829cc88313a with commit message 'Bump pandas from 0.23.4 to 0.25.3 in /python' into base branch master

Showing logs for build [32mseldonio-seldon-core-pr-1057-li-mfqj6-8[0m stage [32mpython-lint-task[0m and container [32mstep-python-lint[0m
make: Entering directory '/workspace/source/python'
pip install black==19.3b0
Collecting black==19.3b0
  Downloading https://files.pythonhosted.org/packages/30/62/cf549544a5fe990bbaeca21e9c419501b2de7a701ab0afb377bc81676600/black-19.3b0-py36-none-any.whl (89kB)
Collecting appdirs
  Downloading https://files.pythonhosted.org/packages/56/eb/810e700ed1349edde4cbdc1b2a21e28cdf115f9faf263f6bbf8447c1abf3/appdirs-1.4.3-py2.py3-none-any.whl
Collecting click>=6.5
  Downloading https://files.pythonhosted.org/packages/fa/37/45185cb5abbc30d7257104c434fe0b07e5a195a6847506c074527aa599ec/Click-7.0-py2.py3-none-any.whl (81kB)
Collecting toml>=0.9.4
  Downloading https://files.pythonhosted.org/packages/a2/12/ced7105d2de62fa7c8fb5fce92cc4ce66b57c95fb875e9318dba7f8c5db0/toml-0.10.0-py2.py3-none-any.whl
Collecting attrs>=18.1.0
  Downloading https://files.pythonhosted.org/packages/a2/db/4313ab3be961f7a763066401fb77f7748373b6094076ae2bda2806988af6/attrs-19.3.0-py2.py3-none-any.whl
Installing collected packages: appdirs, click, toml, attrs, black
Successfully installed appdirs-1.4.3 attrs-19.3.0 black-19.3b0 click-7.0 toml-0.10.0
black \
	--check ./ ../testing \
	--exclude "(testing/scripts/proto|seldon_core/proto/|.eggs)"
All done! ✨ 🍰 ✨
50 files would be left unchanged.
make: Leaving directory '/workspace/source/python'
