
Showing logs for build [32mseldonio-seldon-core-pr-1019-li-1[0m stage [32mpython-lint-task[0m and container [32mstep-credential-initializer-bfqnl[0m
{"level":"warn","ts":1572531317.3561962,"logger":"fallback-logger","caller":"logging/config.go:69","msg":"Fetch GitHub commit ID from kodata failed: \"ref: refs/heads/master\" is not a valid GitHub commit ID"}
{"level":"info","ts":1572531317.3572376,"logger":"fallback-logger","caller":"creds-init/main.go:40","msg":"Credentials initialized."}

Showing logs for build [32mseldonio-seldon-core-pr-1019-li-1[0m stage [32mpython-lint-task[0m and container [32mstep-working-dir-initializer-wkp6t[0m
{"level":"warn","ts":1572531318.095629,"logger":"fallback-logger","caller":"logging/config.go:69","msg":"Fetch GitHub commit ID from kodata failed: open /var/run/ko/HEAD: no such file or directory"}
{"level":"info","ts":1572531318.0977864,"logger":"fallback-logger","caller":"bash/main.go:65","msg":"Successfully executed command \"mkdir -p /workspace/source\""}

Showing logs for build [32mseldonio-seldon-core-pr-1019-li-1[0m stage [32mpython-lint-task[0m and container [32mstep-place-tools[0m

Showing logs for build [32mseldonio-seldon-core-pr-1019-li-1[0m stage [32mpython-lint-task[0m and container [32mstep-git-source-seldonio-seldon-core-pr-1019-li-77rdw[0m
{"level":"warn","ts":1572531323.233163,"logger":"fallback-logger","caller":"logging/config.go:69","msg":"Fetch GitHub commit ID from kodata failed: \"ref: refs/heads/master\" is not a valid GitHub commit ID"}
{"level":"info","ts":1572531326.2691886,"logger":"fallback-logger","caller":"git/git.go:102","msg":"Successfully cloned https://github.com/SeldonIO/seldon-core.git @ master in path /workspace/source"}

Showing logs for build [32mseldonio-seldon-core-pr-1019-li-1[0m stage [32mpython-lint-task[0m and container [32mstep-git-merge[0m
Using SHAs from PULL_REFS=master:ca8282d8ab37910a7c0a287e6b4c09e200d4fe4f,1019:cbcfba61fcbb48f408b5bf6bfa5e5a4a8fe82241
DEBUG: ran git fetch --unshallow origin cbcfba61fcbb48f408b5bf6bfa5e5a4a8fe82241: ca8282d8ab37910a7c0a287e6b4c09e200d4fe4f: in 
DEBUG: ran git checkout master in 
DEBUG: ran git reset --hard ca8282d8ab37910a7c0a287e6b4c09e200d4fe4f in 
DEBUG: ran clean --force -d . in 
DEBUG: ran git merge cbcfba61fcbb48f408b5bf6bfa5e5a4a8fe82241 in 
Merged SHA 9b27ad7c697bf414ecd19d4f5e2846372024775f with commit message 'Merge commit 'cbcfba61fcbb48f408b5bf6bfa5e5a4a8fe82241'' into base branch master
Merged SHA cbcfba61fcbb48f408b5bf6bfa5e5a4a8fe82241 with commit message 'Add CI tests for [gcs] and [all]' into base branch master
Merged SHA f200b990d368ace012e3065a6e0369c70d0636c9 with commit message 'Add extra key 'all' to install all extra dependencies' into base branch master
Merged SHA 5c62e5edde86f7415d9b1d1d7ceccb54e6905174 with commit message 'Change _X_MISSING to _X_PRESENT' into base branch master
Merged SHA e0d94f4c0d799573f4e95fe7ec5fc7db648aa375 with commit message 'Copy tests from kfserving' into base branch master
Merged SHA 4c6cd86ee184b4e9aff3aceac71bd6401bc08465 with commit message 'Move optional imports to imports_helper.py' into base branch master
Merged SHA daab56c73d75ff8f70d0c80d1a461bce79e59136 with commit message 'Make google-cloud-storage optional' into base branch master

Showing logs for build [32mseldonio-seldon-core-pr-1019-li-1[0m stage [32mpython-lint-task[0m and container [32mstep-python-lint[0m
make: Entering directory '/workspace/source/python'
pip install black==19.3b0
Collecting black==19.3b0
  Downloading https://files.pythonhosted.org/packages/30/62/cf549544a5fe990bbaeca21e9c419501b2de7a701ab0afb377bc81676600/black-19.3b0-py36-none-any.whl (89kB)
Collecting appdirs
  Downloading https://files.pythonhosted.org/packages/56/eb/810e700ed1349edde4cbdc1b2a21e28cdf115f9faf263f6bbf8447c1abf3/appdirs-1.4.3-py2.py3-none-any.whl
Collecting toml>=0.9.4
  Downloading https://files.pythonhosted.org/packages/a2/12/ced7105d2de62fa7c8fb5fce92cc4ce66b57c95fb875e9318dba7f8c5db0/toml-0.10.0-py2.py3-none-any.whl
Collecting attrs>=18.1.0
  Downloading https://files.pythonhosted.org/packages/a2/db/4313ab3be961f7a763066401fb77f7748373b6094076ae2bda2806988af6/attrs-19.3.0-py2.py3-none-any.whl
Collecting click>=6.5
  Downloading https://files.pythonhosted.org/packages/fa/37/45185cb5abbc30d7257104c434fe0b07e5a195a6847506c074527aa599ec/Click-7.0-py2.py3-none-any.whl (81kB)
Installing collected packages: appdirs, toml, attrs, click, black
Successfully installed appdirs-1.4.3 attrs-19.3.0 black-19.3b0 click-7.0 toml-0.10.0
black \
	--check ./ ../testing \
	--exclude "(testing/scripts/proto|seldon_core/proto/|.eggs)"
would reformat /workspace/source/python/seldon_core/wrapper.py
All done! 💥 💔 💥
1 file would be reformatted, 49 files would be left unchanged.
Makefile:107: recipe for target 'run_linter_check' failed
make: *** [run_linter_check] Error 1
make: Leaving directory '/workspace/source/python'
[31m
Pipeline failed on stage 'python-lint-task' : container 'step-python-lint'. The execution of the pipeline has stopped.[0m
