
Showing logs for build [32mseldonio-seldon-core-pr-1019-li-gjjkl-11[0m stage [32mpython-lint-task[0m and container [32mstep-credential-initializer-4qwlk[0m
{"level":"warn","ts":1572603690.303733,"logger":"fallback-logger","caller":"logging/config.go:69","msg":"Fetch GitHub commit ID from kodata failed: \"ref: refs/heads/master\" is not a valid GitHub commit ID"}
{"level":"info","ts":1572603690.3043065,"logger":"fallback-logger","caller":"creds-init/main.go:40","msg":"Credentials initialized."}

Showing logs for build [32mseldonio-seldon-core-pr-1019-li-gjjkl-11[0m stage [32mpython-lint-task[0m and container [32mstep-working-dir-initializer-9wnmx[0m
{"level":"warn","ts":1572603691.2802088,"logger":"fallback-logger","caller":"logging/config.go:69","msg":"Fetch GitHub commit ID from kodata failed: open /var/run/ko/HEAD: no such file or directory"}
{"level":"info","ts":1572603691.2823277,"logger":"fallback-logger","caller":"bash/main.go:65","msg":"Successfully executed command \"mkdir -p /workspace/source\""}

Showing logs for build [32mseldonio-seldon-core-pr-1019-li-gjjkl-11[0m stage [32mpython-lint-task[0m and container [32mstep-place-tools[0m

Showing logs for build [32mseldonio-seldon-core-pr-1019-li-gjjkl-11[0m stage [32mpython-lint-task[0m and container [32mstep-git-source-seldonio-seldon-core-pr-1019-li-h6kmj[0m
{"level":"warn","ts":1572603698.5021467,"logger":"fallback-logger","caller":"logging/config.go:69","msg":"Fetch GitHub commit ID from kodata failed: \"ref: refs/heads/master\" is not a valid GitHub commit ID"}
{"level":"info","ts":1572603701.8623278,"logger":"fallback-logger","caller":"git/git.go:102","msg":"Successfully cloned https://github.com/SeldonIO/seldon-core.git @ master in path /workspace/source"}

Showing logs for build [32mseldonio-seldon-core-pr-1019-li-gjjkl-11[0m stage [32mpython-lint-task[0m and container [32mstep-git-merge[0m
Using SHAs from PULL_REFS=master:8d279ea16fb8a467c9a533eb63b148cb0e3bc452,1019:fb8612c59b0dff0b32a0d849abda417b3bd89345
DEBUG: ran git fetch --unshallow origin fb8612c59b0dff0b32a0d849abda417b3bd89345: 8d279ea16fb8a467c9a533eb63b148cb0e3bc452: in 
DEBUG: ran git checkout master in 
DEBUG: ran git reset --hard 8d279ea16fb8a467c9a533eb63b148cb0e3bc452 in 
DEBUG: ran clean --force -d . in 
DEBUG: ran git merge fb8612c59b0dff0b32a0d849abda417b3bd89345 in 
Merged SHA fb8612c59b0dff0b32a0d849abda417b3bd89345 with commit message 'Pin a couple dependencies' into base branch master
Merged SHA a3b7f90ce0aaa0adba5df1954c9b8545ea8a4498 with commit message 'Fix itertools import' into base branch master
Merged SHA 8ce15d0b09079f61ee409653f19367d814adcc63 with commit message 'Add CI tests for [gcs] and [all]' into base branch master
Merged SHA 1a5e5f8c95ac300c41ef15f2f0626386954e8d36 with commit message 'Add extra key 'all' to install all extra dependencies' into base branch master
Merged SHA afa3f695e24366a460c5348709db966e30410c6e with commit message 'Change _X_MISSING to _X_PRESENT' into base branch master
Merged SHA ef27d32639053797d8754b1c56535d3037be043d with commit message 'Copy tests from kfserving' into base branch master
Merged SHA dbe8168cfadaf105830a9ce50a35b5c2e6305ab3 with commit message 'Move optional imports to imports_helper.py' into base branch master
Merged SHA 7a68369dbea2d78e803d61dcd4c610c580f9d2df with commit message 'Make google-cloud-storage optional' into base branch master

Showing logs for build [32mseldonio-seldon-core-pr-1019-li-gjjkl-11[0m stage [32mpython-lint-task[0m and container [32mstep-python-lint[0m
make: Entering directory '/workspace/source/python'
pip install black==19.3b0
Collecting black==19.3b0
  Downloading https://files.pythonhosted.org/packages/30/62/cf549544a5fe990bbaeca21e9c419501b2de7a701ab0afb377bc81676600/black-19.3b0-py36-none-any.whl (89kB)
Collecting appdirs
  Downloading https://files.pythonhosted.org/packages/56/eb/810e700ed1349edde4cbdc1b2a21e28cdf115f9faf263f6bbf8447c1abf3/appdirs-1.4.3-py2.py3-none-any.whl
Collecting attrs>=18.1.0
  Downloading https://files.pythonhosted.org/packages/a2/db/4313ab3be961f7a763066401fb77f7748373b6094076ae2bda2806988af6/attrs-19.3.0-py2.py3-none-any.whl
Collecting click>=6.5
  Downloading https://files.pythonhosted.org/packages/fa/37/45185cb5abbc30d7257104c434fe0b07e5a195a6847506c074527aa599ec/Click-7.0-py2.py3-none-any.whl (81kB)
Collecting toml>=0.9.4
  Downloading https://files.pythonhosted.org/packages/a2/12/ced7105d2de62fa7c8fb5fce92cc4ce66b57c95fb875e9318dba7f8c5db0/toml-0.10.0-py2.py3-none-any.whl
Installing collected packages: appdirs, attrs, click, toml, black
Successfully installed appdirs-1.4.3 attrs-19.3.0 black-19.3b0 click-7.0 toml-0.10.0
black \
	--check ./ ../testing \
	--exclude "(testing/scripts/proto|seldon_core/proto/|.eggs)"
All done! ✨ 🍰 ✨
50 files would be left unchanged.
make: Leaving directory '/workspace/source/python'
