
Showing logs for build [32mseldonio-seldon-core-pr-1019-li-d92wc-2[0m stage [32mpython-lint-task[0m and container [32mstep-credential-initializer-7rtzr[0m
{"level":"warn","ts":1572531721.1848886,"logger":"fallback-logger","caller":"logging/config.go:69","msg":"Fetch GitHub commit ID from kodata failed: \"ref: refs/heads/master\" is not a valid GitHub commit ID"}
{"level":"info","ts":1572531721.1856992,"logger":"fallback-logger","caller":"creds-init/main.go:40","msg":"Credentials initialized."}

Showing logs for build [32mseldonio-seldon-core-pr-1019-li-d92wc-2[0m stage [32mpython-lint-task[0m and container [32mstep-working-dir-initializer-s4zcb[0m
{"level":"warn","ts":1572531722.5233853,"logger":"fallback-logger","caller":"logging/config.go:69","msg":"Fetch GitHub commit ID from kodata failed: open /var/run/ko/HEAD: no such file or directory"}
{"level":"info","ts":1572531722.5302129,"logger":"fallback-logger","caller":"bash/main.go:65","msg":"Successfully executed command \"mkdir -p /workspace/source\""}

Showing logs for build [32mseldonio-seldon-core-pr-1019-li-d92wc-2[0m stage [32mpython-lint-task[0m and container [32mstep-place-tools[0m

Showing logs for build [32mseldonio-seldon-core-pr-1019-li-d92wc-2[0m stage [32mpython-lint-task[0m and container [32mstep-git-source-seldonio-seldon-core-pr-1019-li-8xs9n[0m
{"level":"warn","ts":1572531726.628139,"logger":"fallback-logger","caller":"logging/config.go:69","msg":"Fetch GitHub commit ID from kodata failed: \"ref: refs/heads/master\" is not a valid GitHub commit ID"}
{"level":"info","ts":1572531731.1493587,"logger":"fallback-logger","caller":"git/git.go:102","msg":"Successfully cloned https://github.com/SeldonIO/seldon-core.git @ master in path /workspace/source"}

Showing logs for build [32mseldonio-seldon-core-pr-1019-li-d92wc-2[0m stage [32mpython-lint-task[0m and container [32mstep-git-merge[0m
Using SHAs from PULL_REFS=master:ca8282d8ab37910a7c0a287e6b4c09e200d4fe4f,1019:60108bd1027d4b7651de300cc4c013c574f6336d
DEBUG: ran git fetch --unshallow origin 60108bd1027d4b7651de300cc4c013c574f6336d: ca8282d8ab37910a7c0a287e6b4c09e200d4fe4f: in 
DEBUG: ran git checkout master in 
DEBUG: ran git reset --hard ca8282d8ab37910a7c0a287e6b4c09e200d4fe4f in 
DEBUG: ran clean --force -d . in 
DEBUG: ran git merge 60108bd1027d4b7651de300cc4c013c574f6336d in 
Merged SHA 60108bd1027d4b7651de300cc4c013c574f6336d with commit message 'Add CI tests for [gcs] and [all]' into base branch master
Merged SHA 5a062cd94ec0c868a62971dccd77fe962fd83a8e with commit message 'Add extra key 'all' to install all extra dependencies' into base branch master
Merged SHA 76820cfac61928ab5a93d410cf3cefc253da0571 with commit message 'Change _X_MISSING to _X_PRESENT' into base branch master
Merged SHA 35d6bc627f35bdcc8c0fee3959aa1ce6a461df9a with commit message 'Copy tests from kfserving' into base branch master
Merged SHA 3794030fdb11ec0e8b7bb6e32048d0f52f24316d with commit message 'Move optional imports to imports_helper.py' into base branch master
Merged SHA b0c97d70702321425c6cc5525d61e4390e944516 with commit message 'Make google-cloud-storage optional' into base branch master

Showing logs for build [32mseldonio-seldon-core-pr-1019-li-d92wc-2[0m stage [32mpython-lint-task[0m and container [32mstep-python-lint[0m
make: Entering directory '/workspace/source/python'
pip install black==19.3b0
Collecting black==19.3b0
  Downloading https://files.pythonhosted.org/packages/30/62/cf549544a5fe990bbaeca21e9c419501b2de7a701ab0afb377bc81676600/black-19.3b0-py36-none-any.whl (89kB)
Collecting click>=6.5
  Downloading https://files.pythonhosted.org/packages/fa/37/45185cb5abbc30d7257104c434fe0b07e5a195a6847506c074527aa599ec/Click-7.0-py2.py3-none-any.whl (81kB)
Collecting toml>=0.9.4
  Downloading https://files.pythonhosted.org/packages/a2/12/ced7105d2de62fa7c8fb5fce92cc4ce66b57c95fb875e9318dba7f8c5db0/toml-0.10.0-py2.py3-none-any.whl
Collecting appdirs
  Downloading https://files.pythonhosted.org/packages/56/eb/810e700ed1349edde4cbdc1b2a21e28cdf115f9faf263f6bbf8447c1abf3/appdirs-1.4.3-py2.py3-none-any.whl
Collecting attrs>=18.1.0
  Downloading https://files.pythonhosted.org/packages/a2/db/4313ab3be961f7a763066401fb77f7748373b6094076ae2bda2806988af6/attrs-19.3.0-py2.py3-none-any.whl
Installing collected packages: click, toml, appdirs, attrs, black
Successfully installed appdirs-1.4.3 attrs-19.3.0 black-19.3b0 click-7.0 toml-0.10.0
black \
	--check ./ ../testing \
	--exclude "(testing/scripts/proto|seldon_core/proto/|.eggs)"
would reformat /workspace/source/python/seldon_core/wrapper.py
All done! 💥 💔 💥
1 file would be reformatted, 49 files would be left unchanged.
Makefile:107: recipe for target 'run_linter_check' failed
make: *** [run_linter_check] Error 1
make: Leaving directory '/workspace/source/python'
[31m
Pipeline failed on stage 'python-lint-task' : container 'step-python-lint'. The execution of the pipeline has stopped.[0m
