
Showing logs for build [32mseldonio-seldon-core-pr-1039-li-1[0m stage [32mpython-lint-task[0m and container [32mstep-credential-initializer-pcrgs[0m
{"level":"warn","ts":1572881860.752713,"logger":"fallback-logger","caller":"logging/config.go:69","msg":"Fetch GitHub commit ID from kodata failed: \"ref: refs/heads/master\" is not a valid GitHub commit ID"}
{"level":"info","ts":1572881860.759025,"logger":"fallback-logger","caller":"creds-init/main.go:40","msg":"Credentials initialized."}

Showing logs for build [32mseldonio-seldon-core-pr-1039-li-1[0m stage [32mpython-lint-task[0m and container [32mstep-working-dir-initializer-966fp[0m
{"level":"warn","ts":1572881861.631324,"logger":"fallback-logger","caller":"logging/config.go:69","msg":"Fetch GitHub commit ID from kodata failed: open /var/run/ko/HEAD: no such file or directory"}
{"level":"info","ts":1572881861.635391,"logger":"fallback-logger","caller":"bash/main.go:65","msg":"Successfully executed command \"mkdir -p /workspace/source\""}

Showing logs for build [32mseldonio-seldon-core-pr-1039-li-1[0m stage [32mpython-lint-task[0m and container [32mstep-place-tools[0m

Showing logs for build [32mseldonio-seldon-core-pr-1039-li-1[0m stage [32mpython-lint-task[0m and container [32mstep-git-source-seldonio-seldon-core-pr-1039-li-zp6nm[0m
{"level":"warn","ts":1572881866.767024,"logger":"fallback-logger","caller":"logging/config.go:69","msg":"Fetch GitHub commit ID from kodata failed: \"ref: refs/heads/master\" is not a valid GitHub commit ID"}
{"level":"info","ts":1572881869.8730543,"logger":"fallback-logger","caller":"git/git.go:102","msg":"Successfully cloned https://github.com/SeldonIO/seldon-core.git @ master in path /workspace/source"}

Showing logs for build [32mseldonio-seldon-core-pr-1039-li-1[0m stage [32mpython-lint-task[0m and container [32mstep-git-merge[0m
Using SHAs from PULL_REFS=master:f602df8a207f6762f2fa92814a0cc8bea7c09a99,1039:a8acde5975091fb9581c0711c229f6613982e3a4
DEBUG: ran git fetch --unshallow origin a8acde5975091fb9581c0711c229f6613982e3a4: f602df8a207f6762f2fa92814a0cc8bea7c09a99: in 
DEBUG: ran git checkout master in 
DEBUG: ran git reset --hard f602df8a207f6762f2fa92814a0cc8bea7c09a99 in 
DEBUG: ran clean --force -d . in 
DEBUG: ran git merge a8acde5975091fb9581c0711c229f6613982e3a4 in 
Merged SHA ccc98dfe431d868984a0a568d84686eb7c6d66c5 with commit message 'Merge commit 'a8acde5975091fb9581c0711c229f6613982e3a4'' into base branch master
Merged SHA a8acde5975091fb9581c0711c229f6613982e3a4 with commit message 'Include all *.proto and *.py inside /proto/ subfolders' into base branch master
Merged SHA 3111409ef30981d2486030120d76f65f9e9d479a with commit message 'Remove deprecated fbs' into base branch master

Showing logs for build [32mseldonio-seldon-core-pr-1039-li-1[0m stage [32mpython-lint-task[0m and container [32mstep-python-lint[0m
make: Entering directory '/workspace/source/python'
pip install black==19.3b0
Collecting black==19.3b0
  Downloading https://files.pythonhosted.org/packages/30/62/cf549544a5fe990bbaeca21e9c419501b2de7a701ab0afb377bc81676600/black-19.3b0-py36-none-any.whl (89kB)
Collecting attrs>=18.1.0
  Downloading https://files.pythonhosted.org/packages/a2/db/4313ab3be961f7a763066401fb77f7748373b6094076ae2bda2806988af6/attrs-19.3.0-py2.py3-none-any.whl
Collecting appdirs
  Downloading https://files.pythonhosted.org/packages/56/eb/810e700ed1349edde4cbdc1b2a21e28cdf115f9faf263f6bbf8447c1abf3/appdirs-1.4.3-py2.py3-none-any.whl
Collecting toml>=0.9.4
  Downloading https://files.pythonhosted.org/packages/a2/12/ced7105d2de62fa7c8fb5fce92cc4ce66b57c95fb875e9318dba7f8c5db0/toml-0.10.0-py2.py3-none-any.whl
Collecting click>=6.5
  Downloading https://files.pythonhosted.org/packages/fa/37/45185cb5abbc30d7257104c434fe0b07e5a195a6847506c074527aa599ec/Click-7.0-py2.py3-none-any.whl (81kB)
Installing collected packages: attrs, appdirs, toml, click, black
Successfully installed appdirs-1.4.3 attrs-19.3.0 black-19.3b0 click-7.0 toml-0.10.0
black \
	--check ./ ../testing \
	--exclude "(testing/scripts/proto|seldon_core/proto/|.eggs)"
All done! ✨ 🍰 ✨
50 files would be left unchanged.
make: Leaving directory '/workspace/source/python'
