
Showing logs for build [32mseldonio-seldon-core-pr-1068-li-gz8pm-3[0m stage [32mpython-lint-task[0m and container [32mstep-credential-initializer-pgb9h[0m
{"level":"warn","ts":1573038071.8471036,"logger":"fallback-logger","caller":"logging/config.go:69","msg":"Fetch GitHub commit ID from kodata failed: \"ref: refs/heads/master\" is not a valid GitHub commit ID"}
{"level":"info","ts":1573038071.8485665,"logger":"fallback-logger","caller":"creds-init/main.go:40","msg":"Credentials initialized."}

Showing logs for build [32mseldonio-seldon-core-pr-1068-li-gz8pm-3[0m stage [32mpython-lint-task[0m and container [32mstep-working-dir-initializer-pgv28[0m
{"level":"warn","ts":1573038072.9621909,"logger":"fallback-logger","caller":"logging/config.go:69","msg":"Fetch GitHub commit ID from kodata failed: open /var/run/ko/HEAD: no such file or directory"}
{"level":"info","ts":1573038072.9642725,"logger":"fallback-logger","caller":"bash/main.go:65","msg":"Successfully executed command \"mkdir -p /workspace/source\""}

Showing logs for build [32mseldonio-seldon-core-pr-1068-li-gz8pm-3[0m stage [32mpython-lint-task[0m and container [32mstep-place-tools[0m

Showing logs for build [32mseldonio-seldon-core-pr-1068-li-gz8pm-3[0m stage [32mpython-lint-task[0m and container [32mstep-git-source-seldonio-seldon-core-pr-1068-li-grvtf[0m
{"level":"warn","ts":1573038078.1112502,"logger":"fallback-logger","caller":"logging/config.go:69","msg":"Fetch GitHub commit ID from kodata failed: \"ref: refs/heads/master\" is not a valid GitHub commit ID"}
{"level":"info","ts":1573038081.2072186,"logger":"fallback-logger","caller":"git/git.go:102","msg":"Successfully cloned https://github.com/SeldonIO/seldon-core.git @ master in path /workspace/source"}

Showing logs for build [32mseldonio-seldon-core-pr-1068-li-gz8pm-3[0m stage [32mpython-lint-task[0m and container [32mstep-git-merge[0m
Using SHAs from PULL_REFS=master:10a6e019b71156b9482a306fcfda8e01cc711b8e,1068:f121f71f2c9830a5c209065a0f10de5bc2b3d12c
DEBUG: ran git fetch --unshallow origin f121f71f2c9830a5c209065a0f10de5bc2b3d12c: 10a6e019b71156b9482a306fcfda8e01cc711b8e: in 
DEBUG: ran git checkout master in 
DEBUG: ran git reset --hard 10a6e019b71156b9482a306fcfda8e01cc711b8e in 
DEBUG: ran clean --force -d . in 
DEBUG: ran git merge f121f71f2c9830a5c209065a0f10de5bc2b3d12c in 
Merged SHA 1562adf9186b75b2afea2359d2b49224769cd408 with commit message 'Merge commit 'f121f71f2c9830a5c209065a0f10de5bc2b3d12c'' into base branch master
Merged SHA f121f71f2c9830a5c209065a0f10de5bc2b3d12c with commit message 'Change to weekly updates, only on python and engine' into base branch master

Showing logs for build [32mseldonio-seldon-core-pr-1068-li-gz8pm-3[0m stage [32mpython-lint-task[0m and container [32mstep-python-lint[0m
make: Entering directory '/workspace/source/python'
pip install black==19.3b0
Collecting black==19.3b0
  Downloading https://files.pythonhosted.org/packages/30/62/cf549544a5fe990bbaeca21e9c419501b2de7a701ab0afb377bc81676600/black-19.3b0-py36-none-any.whl (89kB)
Collecting click>=6.5
  Downloading https://files.pythonhosted.org/packages/fa/37/45185cb5abbc30d7257104c434fe0b07e5a195a6847506c074527aa599ec/Click-7.0-py2.py3-none-any.whl (81kB)
Collecting appdirs
  Downloading https://files.pythonhosted.org/packages/56/eb/810e700ed1349edde4cbdc1b2a21e28cdf115f9faf263f6bbf8447c1abf3/appdirs-1.4.3-py2.py3-none-any.whl
Collecting toml>=0.9.4
  Downloading https://files.pythonhosted.org/packages/a2/12/ced7105d2de62fa7c8fb5fce92cc4ce66b57c95fb875e9318dba7f8c5db0/toml-0.10.0-py2.py3-none-any.whl
Collecting attrs>=18.1.0
  Downloading https://files.pythonhosted.org/packages/a2/db/4313ab3be961f7a763066401fb77f7748373b6094076ae2bda2806988af6/attrs-19.3.0-py2.py3-none-any.whl
Installing collected packages: click, appdirs, toml, attrs, black
Successfully installed appdirs-1.4.3 attrs-19.3.0 black-19.3b0 click-7.0 toml-0.10.0
black \
	--check ./ ../testing \
	--exclude "(testing/scripts/proto|seldon_core/proto/|.eggs)"
All done! ✨ 🍰 ✨
50 files would be left unchanged.
make: Leaving directory '/workspace/source/python'
