
Showing logs for build [32mseldonio-seldon-core-pr-1052-li-4cflp-4[0m stage [32mpython-lint-task[0m and container [32mstep-credential-initializer-492qx[0m
{"level":"warn","ts":1573033490.3361855,"logger":"fallback-logger","caller":"logging/config.go:69","msg":"Fetch GitHub commit ID from kodata failed: \"ref: refs/heads/master\" is not a valid GitHub commit ID"}
{"level":"info","ts":1573033490.4214284,"logger":"fallback-logger","caller":"creds-init/main.go:40","msg":"Credentials initialized."}

Showing logs for build [32mseldonio-seldon-core-pr-1052-li-4cflp-4[0m stage [32mpython-lint-task[0m and container [32mstep-working-dir-initializer-lklvj[0m
{"level":"warn","ts":1573033497.207432,"logger":"fallback-logger","caller":"logging/config.go:69","msg":"Fetch GitHub commit ID from kodata failed: open /var/run/ko/HEAD: no such file or directory"}
{"level":"info","ts":1573033497.2090688,"logger":"fallback-logger","caller":"bash/main.go:65","msg":"Successfully executed command \"mkdir -p /workspace/source\""}

Showing logs for build [32mseldonio-seldon-core-pr-1052-li-4cflp-4[0m stage [32mpython-lint-task[0m and container [32mstep-place-tools[0m

Showing logs for build [32mseldonio-seldon-core-pr-1052-li-4cflp-4[0m stage [32mpython-lint-task[0m and container [32mstep-git-source-seldonio-seldon-core-pr-1052-li-psz9d[0m
{"level":"warn","ts":1573033527.676583,"logger":"fallback-logger","caller":"logging/config.go:69","msg":"Fetch GitHub commit ID from kodata failed: \"ref: refs/heads/master\" is not a valid GitHub commit ID"}
{"level":"info","ts":1573033538.4950526,"logger":"fallback-logger","caller":"git/git.go:102","msg":"Successfully cloned https://github.com/SeldonIO/seldon-core.git @ master in path /workspace/source"}

Showing logs for build [32mseldonio-seldon-core-pr-1052-li-4cflp-4[0m stage [32mpython-lint-task[0m and container [32mstep-git-merge[0m
Using SHAs from PULL_REFS=master:c6c0c2a697922ff9850cebfab9e0efd8f74c27e7,1052:975066ce5c5402a32c94453d9606de19daf0d278,1056:0d16f6531c63127f1cb6926d4375ed8e73e86192
DEBUG: ran git fetch --unshallow origin 0d16f6531c63127f1cb6926d4375ed8e73e86192: 975066ce5c5402a32c94453d9606de19daf0d278: c6c0c2a697922ff9850cebfab9e0efd8f74c27e7: in 
DEBUG: ran git checkout master in 
DEBUG: ran git reset --hard c6c0c2a697922ff9850cebfab9e0efd8f74c27e7 in 
DEBUG: ran clean --force -d . in 
DEBUG: ran git merge 0d16f6531c63127f1cb6926d4375ed8e73e86192 in 
DEBUG: ran git merge 975066ce5c5402a32c94453d9606de19daf0d278 in 
Merged SHA 3522f407e5ae6bc1455e2a8cfba6dbc327f00338 with commit message 'Merge commit '975066ce5c5402a32c94453d9606de19daf0d278'' into base branch master
Merged SHA 361a716f67fcc764f02d39cdceec87580a96f87c with commit message 'Merge commit '0d16f6531c63127f1cb6926d4375ed8e73e86192'' into base branch master
Merged SHA 0d16f6531c63127f1cb6926d4375ed8e73e86192 with commit message 'Bump os-maven-plugin from 1.4.1.Final to 1.6.2 in /engine' into base branch master
Merged SHA 975066ce5c5402a32c94453d9606de19daf0d278 with commit message 'Bump maven-compiler-plugin from 3.5.1 to 3.8.1 in /engine' into base branch master

Showing logs for build [32mseldonio-seldon-core-pr-1052-li-4cflp-4[0m stage [32mpython-lint-task[0m and container [32mstep-python-lint[0m
make: Entering directory '/workspace/source/python'
pip install black==19.3b0
Collecting black==19.3b0
  Downloading https://files.pythonhosted.org/packages/30/62/cf549544a5fe990bbaeca21e9c419501b2de7a701ab0afb377bc81676600/black-19.3b0-py36-none-any.whl (89kB)
Collecting toml>=0.9.4
  Downloading https://files.pythonhosted.org/packages/a2/12/ced7105d2de62fa7c8fb5fce92cc4ce66b57c95fb875e9318dba7f8c5db0/toml-0.10.0-py2.py3-none-any.whl
Collecting click>=6.5
  Downloading https://files.pythonhosted.org/packages/fa/37/45185cb5abbc30d7257104c434fe0b07e5a195a6847506c074527aa599ec/Click-7.0-py2.py3-none-any.whl (81kB)
Collecting appdirs
  Downloading https://files.pythonhosted.org/packages/56/eb/810e700ed1349edde4cbdc1b2a21e28cdf115f9faf263f6bbf8447c1abf3/appdirs-1.4.3-py2.py3-none-any.whl
Collecting attrs>=18.1.0
  Downloading https://files.pythonhosted.org/packages/a2/db/4313ab3be961f7a763066401fb77f7748373b6094076ae2bda2806988af6/attrs-19.3.0-py2.py3-none-any.whl
Installing collected packages: toml, click, appdirs, attrs, black
Successfully installed appdirs-1.4.3 attrs-19.3.0 black-19.3b0 click-7.0 toml-0.10.0
black \
	--check ./ ../testing \
	--exclude "(testing/scripts/proto|seldon_core/proto/|.eggs)"
All done! ✨ 🍰 ✨
50 files would be left unchanged.
make: Leaving directory '/workspace/source/python'
