
Showing logs for build [32mseldonio-seldon-core-pr-1056-li-1[0m stage [32mpython-lint-task[0m and container [32mstep-credential-initializer-5l7ww[0m
{"level":"warn","ts":1572984323.3884492,"logger":"fallback-logger","caller":"logging/config.go:69","msg":"Fetch GitHub commit ID from kodata failed: \"ref: refs/heads/master\" is not a valid GitHub commit ID"}
{"level":"info","ts":1572984323.3891275,"logger":"fallback-logger","caller":"creds-init/main.go:40","msg":"Credentials initialized."}

Showing logs for build [32mseldonio-seldon-core-pr-1056-li-1[0m stage [32mpython-lint-task[0m and container [32mstep-working-dir-initializer-z4lpk[0m
{"level":"warn","ts":1572984324.3666337,"logger":"fallback-logger","caller":"logging/config.go:69","msg":"Fetch GitHub commit ID from kodata failed: open /var/run/ko/HEAD: no such file or directory"}
{"level":"info","ts":1572984324.3688502,"logger":"fallback-logger","caller":"bash/main.go:65","msg":"Successfully executed command \"mkdir -p /workspace/source\""}

Showing logs for build [32mseldonio-seldon-core-pr-1056-li-1[0m stage [32mpython-lint-task[0m and container [32mstep-place-tools[0m

Showing logs for build [32mseldonio-seldon-core-pr-1056-li-1[0m stage [32mpython-lint-task[0m and container [32mstep-git-source-seldonio-seldon-core-pr-1056-li-s4zvr[0m
{"level":"warn","ts":1572984329.4203713,"logger":"fallback-logger","caller":"logging/config.go:69","msg":"Fetch GitHub commit ID from kodata failed: \"ref: refs/heads/master\" is not a valid GitHub commit ID"}
{"level":"info","ts":1572984332.4544845,"logger":"fallback-logger","caller":"git/git.go:102","msg":"Successfully cloned https://github.com/SeldonIO/seldon-core.git @ master in path /workspace/source"}

Showing logs for build [32mseldonio-seldon-core-pr-1056-li-1[0m stage [32mpython-lint-task[0m and container [32mstep-git-merge[0m
Using SHAs from PULL_REFS=master:cd8a2d0d6150178ae9e979fbc4579e48b37ea102,1056:0d16f6531c63127f1cb6926d4375ed8e73e86192
DEBUG: ran git fetch --unshallow origin 0d16f6531c63127f1cb6926d4375ed8e73e86192: cd8a2d0d6150178ae9e979fbc4579e48b37ea102: in 
DEBUG: ran git checkout master in 
DEBUG: ran git reset --hard cd8a2d0d6150178ae9e979fbc4579e48b37ea102 in 
DEBUG: ran clean --force -d . in 
DEBUG: ran git merge 0d16f6531c63127f1cb6926d4375ed8e73e86192 in 
Merged SHA 3a8410dba8aeb250ed7bb3587c9a2c546ae48380 with commit message 'Merge commit '0d16f6531c63127f1cb6926d4375ed8e73e86192'' into base branch master
Merged SHA 0d16f6531c63127f1cb6926d4375ed8e73e86192 with commit message 'Bump os-maven-plugin from 1.4.1.Final to 1.6.2 in /engine' into base branch master

Showing logs for build [32mseldonio-seldon-core-pr-1056-li-1[0m stage [32mpython-lint-task[0m and container [32mstep-python-lint[0m
make: Entering directory '/workspace/source/python'
pip install black==19.3b0
Collecting black==19.3b0
  Downloading https://files.pythonhosted.org/packages/30/62/cf549544a5fe990bbaeca21e9c419501b2de7a701ab0afb377bc81676600/black-19.3b0-py36-none-any.whl (89kB)
Collecting appdirs
  Downloading https://files.pythonhosted.org/packages/56/eb/810e700ed1349edde4cbdc1b2a21e28cdf115f9faf263f6bbf8447c1abf3/appdirs-1.4.3-py2.py3-none-any.whl
Collecting click>=6.5
  Downloading https://files.pythonhosted.org/packages/fa/37/45185cb5abbc30d7257104c434fe0b07e5a195a6847506c074527aa599ec/Click-7.0-py2.py3-none-any.whl (81kB)
Collecting attrs>=18.1.0
  Downloading https://files.pythonhosted.org/packages/a2/db/4313ab3be961f7a763066401fb77f7748373b6094076ae2bda2806988af6/attrs-19.3.0-py2.py3-none-any.whl
Collecting toml>=0.9.4
  Downloading https://files.pythonhosted.org/packages/a2/12/ced7105d2de62fa7c8fb5fce92cc4ce66b57c95fb875e9318dba7f8c5db0/toml-0.10.0-py2.py3-none-any.whl
Installing collected packages: appdirs, click, attrs, toml, black
Successfully installed appdirs-1.4.3 attrs-19.3.0 black-19.3b0 click-7.0 toml-0.10.0
black \
	--check ./ ../testing \
	--exclude "(testing/scripts/proto|seldon_core/proto/|.eggs)"
All done! ✨ 🍰 ✨
50 files would be left unchanged.
make: Leaving directory '/workspace/source/python'
