
Showing logs for build [32mmeta-seldonio-seldon-core-maste-h4sm7-23[0m stage [32mmeta-pipeline[0m and container [32mstep-credential-initializer-24l2k[0m
{"level":"warn","ts":1572881674.6753037,"logger":"fallback-logger","caller":"logging/config.go:69","msg":"Fetch GitHub commit ID from kodata failed: \"ref: refs/heads/master\" is not a valid GitHub commit ID"}
{"level":"info","ts":1572881674.6763525,"logger":"fallback-logger","caller":"creds-init/main.go:40","msg":"Credentials initialized."}

Showing logs for build [32mmeta-seldonio-seldon-core-maste-h4sm7-23[0m stage [32mmeta-pipeline[0m and container [32mstep-working-dir-initializer-cz5j7[0m
{"level":"warn","ts":1572881675.682404,"logger":"fallback-logger","caller":"logging/config.go:69","msg":"Fetch GitHub commit ID from kodata failed: open /var/run/ko/HEAD: no such file or directory"}
{"level":"info","ts":1572881675.6924844,"logger":"fallback-logger","caller":"bash/main.go:65","msg":"Successfully executed command \"mkdir -p /workspace/source\""}

Showing logs for build [32mmeta-seldonio-seldon-core-maste-h4sm7-23[0m stage [32mmeta-pipeline[0m and container [32mstep-place-tools[0m

Showing logs for build [32mmeta-seldonio-seldon-core-maste-h4sm7-23[0m stage [32mmeta-pipeline[0m and container [32mstep-git-source-meta-seldonio-seldon-core-maste-pgtdr[0m
{"level":"warn","ts":1572881681.8243067,"logger":"fallback-logger","caller":"logging/config.go:69","msg":"Fetch GitHub commit ID from kodata failed: \"ref: refs/heads/master\" is not a valid GitHub commit ID"}
{"level":"info","ts":1572881685.2617323,"logger":"fallback-logger","caller":"git/git.go:102","msg":"Successfully cloned https://github.com/SeldonIO/seldon-core.git @ f602df8a207f6762f2fa92814a0cc8bea7c09a99 in path /workspace/source"}

Showing logs for build [32mmeta-seldonio-seldon-core-maste-h4sm7-23[0m stage [32mmeta-pipeline[0m and container [32mstep-git-merge[0m
Using SHAs from PULL_REFS=master:f602df8a207f6762f2fa92814a0cc8bea7c09a99
WARNING: no SHAs to merge, falling back to initial cloned commit

Showing logs for build [32mmeta-seldonio-seldon-core-maste-h4sm7-23[0m stage [32mmeta-pipeline[0m and container [32mstep-merge-pull-refs[0m
SKIP merge-pull-refs: Nothing to merge

Showing logs for build [32mmeta-seldonio-seldon-core-maste-h4sm7-23[0m stage [32mmeta-pipeline[0m and container [32mstep-create-effective-pipeline[0m
Effective pipeline written to jenkins-x-release-effective.yml

Showing logs for build [32mmeta-seldonio-seldon-core-maste-h4sm7-23[0m stage [32mmeta-pipeline[0m and container [32mstep-create-tekton-crds[0m
running command: echo "skipping until 4624 is resolved..."
skipping until 4624 is resolved...

error: failed to set the version on release pipelines: failed to read file /workspace/source/VERSION
[31m
Pipeline failed on stage 'meta-pipeline' : container 'step-create-tekton-crds'. The execution of the pipeline has stopped.[0m
