
Showing logs for build [32mmeta-seldonio-seldon-core-maste-6n7vg-28[0m stage [32mmeta-pipeline[0m and container [32mstep-credential-initializer-cvmzl[0m
{"level":"warn","ts":1572982678.0689452,"logger":"fallback-logger","caller":"logging/config.go:69","msg":"Fetch GitHub commit ID from kodata failed: \"ref: refs/heads/master\" is not a valid GitHub commit ID"}
{"level":"info","ts":1572982678.0709128,"logger":"fallback-logger","caller":"creds-init/main.go:40","msg":"Credentials initialized."}

Showing logs for build [32mmeta-seldonio-seldon-core-maste-6n7vg-28[0m stage [32mmeta-pipeline[0m and container [32mstep-working-dir-initializer-nsdfb[0m
{"level":"warn","ts":1572982678.9844575,"logger":"fallback-logger","caller":"logging/config.go:69","msg":"Fetch GitHub commit ID from kodata failed: open /var/run/ko/HEAD: no such file or directory"}
{"level":"info","ts":1572982678.9927301,"logger":"fallback-logger","caller":"bash/main.go:65","msg":"Successfully executed command \"mkdir -p /workspace/source\""}

Showing logs for build [32mmeta-seldonio-seldon-core-maste-6n7vg-28[0m stage [32mmeta-pipeline[0m and container [32mstep-place-tools[0m

Showing logs for build [32mmeta-seldonio-seldon-core-maste-6n7vg-28[0m stage [32mmeta-pipeline[0m and container [32mstep-git-source-meta-seldonio-seldon-core-maste-vdpcd[0m
{"level":"warn","ts":1572982686.0522964,"logger":"fallback-logger","caller":"logging/config.go:69","msg":"Fetch GitHub commit ID from kodata failed: \"ref: refs/heads/master\" is not a valid GitHub commit ID"}
{"level":"info","ts":1572982689.2114599,"logger":"fallback-logger","caller":"git/git.go:102","msg":"Successfully cloned https://github.com/SeldonIO/seldon-core.git @ cd8a2d0d6150178ae9e979fbc4579e48b37ea102 in path /workspace/source"}

Showing logs for build [32mmeta-seldonio-seldon-core-maste-6n7vg-28[0m stage [32mmeta-pipeline[0m and container [32mstep-git-merge[0m
Using SHAs from PULL_REFS=master:cd8a2d0d6150178ae9e979fbc4579e48b37ea102
WARNING: no SHAs to merge, falling back to initial cloned commit

Showing logs for build [32mmeta-seldonio-seldon-core-maste-6n7vg-28[0m stage [32mmeta-pipeline[0m and container [32mstep-merge-pull-refs[0m
SKIP merge-pull-refs: Nothing to merge

Showing logs for build [32mmeta-seldonio-seldon-core-maste-6n7vg-28[0m stage [32mmeta-pipeline[0m and container [32mstep-create-effective-pipeline[0m
Effective pipeline written to jenkins-x-release-effective.yml

Showing logs for build [32mmeta-seldonio-seldon-core-maste-6n7vg-28[0m stage [32mmeta-pipeline[0m and container [32mstep-create-tekton-crds[0m
running command: echo "skipping until 4624 is resolved..."
skipping until 4624 is resolved...

error: failed to set the version on release pipelines: failed to read file /workspace/source/VERSION
[31m
Pipeline failed on stage 'meta-pipeline' : container 'step-create-tekton-crds'. The execution of the pipeline has stopped.[0m

Showing logs for build [32mmeta-seldonio-seldon-core-maste-6n7vg-28[0m stage [32mmeta-pipeline[0m and container [32mstep-credential-initializer-cvmzl[0m
{"level":"warn","ts":1572982678.0689452,"logger":"fallback-logger","caller":"logging/config.go:69","msg":"Fetch GitHub commit ID from kodata failed: \"ref: refs/heads/master\" is not a valid GitHub commit ID"}
{"level":"info","ts":1572982678.0709128,"logger":"fallback-logger","caller":"creds-init/main.go:40","msg":"Credentials initialized."}

Showing logs for build [32mmeta-seldonio-seldon-core-maste-6n7vg-28[0m stage [32mmeta-pipeline[0m and container [32mstep-working-dir-initializer-nsdfb[0m
{"level":"warn","ts":1572982678.9844575,"logger":"fallback-logger","caller":"logging/config.go:69","msg":"Fetch GitHub commit ID from kodata failed: open /var/run/ko/HEAD: no such file or directory"}
{"level":"info","ts":1572982678.9927301,"logger":"fallback-logger","caller":"bash/main.go:65","msg":"Successfully executed command \"mkdir -p /workspace/source\""}

Showing logs for build [32mmeta-seldonio-seldon-core-maste-6n7vg-28[0m stage [32mmeta-pipeline[0m and container [32mstep-place-tools[0m

Showing logs for build [32mmeta-seldonio-seldon-core-maste-6n7vg-28[0m stage [32mmeta-pipeline[0m and container [32mstep-git-source-meta-seldonio-seldon-core-maste-vdpcd[0m
{"level":"warn","ts":1572982686.0522964,"logger":"fallback-logger","caller":"logging/config.go:69","msg":"Fetch GitHub commit ID from kodata failed: \"ref: refs/heads/master\" is not a valid GitHub commit ID"}
{"level":"info","ts":1572982689.2114599,"logger":"fallback-logger","caller":"git/git.go:102","msg":"Successfully cloned https://github.com/SeldonIO/seldon-core.git @ cd8a2d0d6150178ae9e979fbc4579e48b37ea102 in path /workspace/source"}

Showing logs for build [32mmeta-seldonio-seldon-core-maste-6n7vg-28[0m stage [32mmeta-pipeline[0m and container [32mstep-git-merge[0m
Using SHAs from PULL_REFS=master:cd8a2d0d6150178ae9e979fbc4579e48b37ea102
WARNING: no SHAs to merge, falling back to initial cloned commit

Showing logs for build [32mmeta-seldonio-seldon-core-maste-6n7vg-28[0m stage [32mmeta-pipeline[0m and container [32mstep-merge-pull-refs[0m
SKIP merge-pull-refs: Nothing to merge

Showing logs for build [32mmeta-seldonio-seldon-core-maste-6n7vg-28[0m stage [32mmeta-pipeline[0m and container [32mstep-create-effective-pipeline[0m
Effective pipeline written to jenkins-x-release-effective.yml

Showing logs for build [32mmeta-seldonio-seldon-core-maste-6n7vg-28[0m stage [32mmeta-pipeline[0m and container [32mstep-create-tekton-crds[0m
running command: echo "skipping until 4624 is resolved..."
skipping until 4624 is resolved...

error: failed to set the version on release pipelines: failed to read file /workspace/source/VERSION
[31m
Pipeline failed on stage 'meta-pipeline' : container 'step-create-tekton-crds'. The execution of the pipeline has stopped.[0m

Showing logs for build [32mmeta-seldonio-seldon-core-maste-6n7vg-28[0m stage [32mmeta-pipeline[0m and container [32mstep-credential-initializer-cvmzl[0m
{"level":"warn","ts":1572982678.0689452,"logger":"fallback-logger","caller":"logging/config.go:69","msg":"Fetch GitHub commit ID from kodata failed: \"ref: refs/heads/master\" is not a valid GitHub commit ID"}
{"level":"info","ts":1572982678.0709128,"logger":"fallback-logger","caller":"creds-init/main.go:40","msg":"Credentials initialized."}

Showing logs for build [32mmeta-seldonio-seldon-core-maste-6n7vg-28[0m stage [32mmeta-pipeline[0m and container [32mstep-working-dir-initializer-nsdfb[0m
{"level":"warn","ts":1572982678.9844575,"logger":"fallback-logger","caller":"logging/config.go:69","msg":"Fetch GitHub commit ID from kodata failed: open /var/run/ko/HEAD: no such file or directory"}
{"level":"info","ts":1572982678.9927301,"logger":"fallback-logger","caller":"bash/main.go:65","msg":"Successfully executed command \"mkdir -p /workspace/source\""}

Showing logs for build [32mmeta-seldonio-seldon-core-maste-6n7vg-28[0m stage [32mmeta-pipeline[0m and container [32mstep-place-tools[0m

Showing logs for build [32mmeta-seldonio-seldon-core-maste-6n7vg-28[0m stage [32mmeta-pipeline[0m and container [32mstep-git-source-meta-seldonio-seldon-core-maste-vdpcd[0m
{"level":"warn","ts":1572982686.0522964,"logger":"fallback-logger","caller":"logging/config.go:69","msg":"Fetch GitHub commit ID from kodata failed: \"ref: refs/heads/master\" is not a valid GitHub commit ID"}
{"level":"info","ts":1572982689.2114599,"logger":"fallback-logger","caller":"git/git.go:102","msg":"Successfully cloned https://github.com/SeldonIO/seldon-core.git @ cd8a2d0d6150178ae9e979fbc4579e48b37ea102 in path /workspace/source"}

Showing logs for build [32mmeta-seldonio-seldon-core-maste-6n7vg-28[0m stage [32mmeta-pipeline[0m and container [32mstep-git-merge[0m
Using SHAs from PULL_REFS=master:cd8a2d0d6150178ae9e979fbc4579e48b37ea102
WARNING: no SHAs to merge, falling back to initial cloned commit

Showing logs for build [32mmeta-seldonio-seldon-core-maste-6n7vg-28[0m stage [32mmeta-pipeline[0m and container [32mstep-merge-pull-refs[0m
SKIP merge-pull-refs: Nothing to merge

Showing logs for build [32mmeta-seldonio-seldon-core-maste-6n7vg-28[0m stage [32mmeta-pipeline[0m and container [32mstep-create-effective-pipeline[0m
Effective pipeline written to jenkins-x-release-effective.yml

Showing logs for build [32mmeta-seldonio-seldon-core-maste-6n7vg-28[0m stage [32mmeta-pipeline[0m and container [32mstep-create-tekton-crds[0m
running command: echo "skipping until 4624 is resolved..."
skipping until 4624 is resolved...

error: failed to set the version on release pipelines: failed to read file /workspace/source/VERSION
[31m
Pipeline failed on stage 'meta-pipeline' : container 'step-create-tekton-crds'. The execution of the pipeline has stopped.[0m
