
Showing logs for build [32mmeta-seldonio-seldon-core-maste-z5chh-3[0m stage [32mmeta-pipeline[0m and container [32mstep-credential-initializer-p7hl9[0m
{"level":"warn","ts":1572020643.7221699,"logger":"fallback-logger","caller":"logging/config.go:69","msg":"Fetch GitHub commit ID from kodata failed: \"ref: refs/heads/master\" is not a valid GitHub commit ID"}
{"level":"info","ts":1572020643.7227685,"logger":"fallback-logger","caller":"creds-init/main.go:40","msg":"Credentials initialized."}

Showing logs for build [32mmeta-seldonio-seldon-core-maste-z5chh-3[0m stage [32mmeta-pipeline[0m and container [32mstep-working-dir-initializer-9t6z4[0m
{"level":"warn","ts":1572020644.6064894,"logger":"fallback-logger","caller":"logging/config.go:69","msg":"Fetch GitHub commit ID from kodata failed: open /var/run/ko/HEAD: no such file or directory"}
{"level":"info","ts":1572020644.6077738,"logger":"fallback-logger","caller":"bash/main.go:65","msg":"Successfully executed command \"mkdir -p /workspace/source\""}

Showing logs for build [32mmeta-seldonio-seldon-core-maste-z5chh-3[0m stage [32mmeta-pipeline[0m and container [32mstep-place-tools[0m

Showing logs for build [32mmeta-seldonio-seldon-core-maste-z5chh-3[0m stage [32mmeta-pipeline[0m and container [32mstep-git-source-meta-seldonio-seldon-core-maste-2pgp6[0m
{"level":"warn","ts":1572020650.7127922,"logger":"fallback-logger","caller":"logging/config.go:69","msg":"Fetch GitHub commit ID from kodata failed: \"ref: refs/heads/master\" is not a valid GitHub commit ID"}
{"level":"info","ts":1572020653.7538998,"logger":"fallback-logger","caller":"git/git.go:102","msg":"Successfully cloned https://github.com/seldonio/seldon-core.git @ f2d2aef85e9246e0cd6685ba29c41d3cc38f21a7 in path /workspace/source"}

Showing logs for build [32mmeta-seldonio-seldon-core-maste-z5chh-3[0m stage [32mmeta-pipeline[0m and container [32mstep-git-merge[0m
Using SHAs from PULL_REFS=master:f2d2aef85e9246e0cd6685ba29c41d3cc38f21a7
WARNING: no SHAs to merge, falling back to initial cloned commit

Showing logs for build [32mmeta-seldonio-seldon-core-maste-z5chh-3[0m stage [32mmeta-pipeline[0m and container [32mstep-merge-pull-refs[0m
SKIP merge-pull-refs: Nothing to merge

Showing logs for build [32mmeta-seldonio-seldon-core-maste-z5chh-3[0m stage [32mmeta-pipeline[0m and container [32mstep-create-effective-pipeline[0m
Deleting and cloning the Jenkins X versions repo
Cloning the Jenkins X versions repo https://github.com/jenkins-x/jenkins-x-versions.git with revision v1.0.157 to /builder/home/.**/jenkins-x-versions
Effective pipeline written to jenkins-x-effective.yml

Showing logs for build [32mmeta-seldonio-seldon-core-maste-z5chh-3[0m stage [32mmeta-pipeline[0m and container [32mstep-create-tekton-crds[0m
Deleting and cloning the Jenkins X versions repo
Cloning the Jenkins X versions repo https://github.com/jenkins-x/jenkins-x-versions.git with revision v1.0.157 to /builder/home/.**/jenkins-x-versions
error: failed to set the version on release pipelines: no Release pipeline available
[31m
Pipeline failed on stage 'meta-pipeline' : container 'step-create-tekton-crds'. The execution of the pipeline has stopped.[0m
