
Showing logs for build [32mseldonio-seldon-core-pr-1043-li-47972-3[0m stage [32mpython-lint-task[0m and container [32mstep-credential-initializer-t9c6r[0m
{"level":"warn","ts":1572982838.5678456,"logger":"fallback-logger","caller":"logging/config.go:69","msg":"Fetch GitHub commit ID from kodata failed: \"ref: refs/heads/master\" is not a valid GitHub commit ID"}
{"level":"info","ts":1572982838.5758584,"logger":"fallback-logger","caller":"creds-init/main.go:40","msg":"Credentials initialized."}

Showing logs for build [32mseldonio-seldon-core-pr-1043-li-47972-3[0m stage [32mpython-lint-task[0m and container [32mstep-working-dir-initializer-4rgh5[0m
{"level":"warn","ts":1572982839.7053137,"logger":"fallback-logger","caller":"logging/config.go:69","msg":"Fetch GitHub commit ID from kodata failed: open /var/run/ko/HEAD: no such file or directory"}
{"level":"info","ts":1572982839.7086494,"logger":"fallback-logger","caller":"bash/main.go:65","msg":"Successfully executed command \"mkdir -p /workspace/source\""}

Showing logs for build [32mseldonio-seldon-core-pr-1043-li-47972-3[0m stage [32mpython-lint-task[0m and container [32mstep-place-tools[0m

Showing logs for build [32mseldonio-seldon-core-pr-1043-li-47972-3[0m stage [32mpython-lint-task[0m and container [32mstep-git-source-seldonio-seldon-core-pr-1043-li-kwtqg[0m
{"level":"warn","ts":1572982846.823457,"logger":"fallback-logger","caller":"logging/config.go:69","msg":"Fetch GitHub commit ID from kodata failed: \"ref: refs/heads/master\" is not a valid GitHub commit ID"}
{"level":"info","ts":1572982850.2547007,"logger":"fallback-logger","caller":"git/git.go:102","msg":"Successfully cloned https://github.com/SeldonIO/seldon-core.git @ master in path /workspace/source"}

Showing logs for build [32mseldonio-seldon-core-pr-1043-li-47972-3[0m stage [32mpython-lint-task[0m and container [32mstep-git-merge[0m
Using SHAs from PULL_REFS=master:cd8a2d0d6150178ae9e979fbc4579e48b37ea102,1043:0a5043b9be083835ab29a0a38c29440487165225
DEBUG: ran git fetch --unshallow origin 0a5043b9be083835ab29a0a38c29440487165225: cd8a2d0d6150178ae9e979fbc4579e48b37ea102: in 
DEBUG: ran git checkout master in 
DEBUG: ran git reset --hard cd8a2d0d6150178ae9e979fbc4579e48b37ea102 in 
DEBUG: ran clean --force -d . in 
DEBUG: ran git merge 0a5043b9be083835ab29a0a38c29440487165225 in 
Merged SHA eb9811662175b3fbf026a4361fd81d978e5cfdaf with commit message 'Merge commit '0a5043b9be083835ab29a0a38c29440487165225'' into base branch master
Merged SHA 0a5043b9be083835ab29a0a38c29440487165225 with commit message 'Rename make target to use underscores for consistency' into base branch master
Merged SHA 1bc9d94fcf29eac333545fcd7e162feda7ca00d9 with commit message 'Move testing of diff environments to tox' into base branch master
Merged SHA 77978ee2f5b712fe73a7428a032cc49a280b7234 with commit message 'Add requirements-dev.txt' into base branch master
Merged SHA 20fe67fa63edbd92b4d4122a491bccc7d10543a6 with commit message 'Remove duplicated minio dep' into base branch master

Showing logs for build [32mseldonio-seldon-core-pr-1043-li-47972-3[0m stage [32mpython-lint-task[0m and container [32mstep-python-lint[0m
make: Entering directory '/workspace/source/python'
pip install black==19.3b0
Collecting black==19.3b0
  Downloading https://files.pythonhosted.org/packages/30/62/cf549544a5fe990bbaeca21e9c419501b2de7a701ab0afb377bc81676600/black-19.3b0-py36-none-any.whl (89kB)
Collecting attrs>=18.1.0
  Downloading https://files.pythonhosted.org/packages/a2/db/4313ab3be961f7a763066401fb77f7748373b6094076ae2bda2806988af6/attrs-19.3.0-py2.py3-none-any.whl
Collecting toml>=0.9.4
  Downloading https://files.pythonhosted.org/packages/a2/12/ced7105d2de62fa7c8fb5fce92cc4ce66b57c95fb875e9318dba7f8c5db0/toml-0.10.0-py2.py3-none-any.whl
Collecting appdirs
  Downloading https://files.pythonhosted.org/packages/56/eb/810e700ed1349edde4cbdc1b2a21e28cdf115f9faf263f6bbf8447c1abf3/appdirs-1.4.3-py2.py3-none-any.whl
Collecting click>=6.5
  Downloading https://files.pythonhosted.org/packages/fa/37/45185cb5abbc30d7257104c434fe0b07e5a195a6847506c074527aa599ec/Click-7.0-py2.py3-none-any.whl (81kB)
Installing collected packages: attrs, toml, appdirs, click, black
Successfully installed appdirs-1.4.3 attrs-19.3.0 black-19.3b0 click-7.0 toml-0.10.0
black \
	--check ./ ../testing \
	--exclude "(testing/scripts/proto|seldon_core/proto/|.eggs)"
All done! ✨ 🍰 ✨
50 files would be left unchanged.
make: Leaving directory '/workspace/source/python'
