
Showing logs for build [32mseldonio-seldon-core-pr-1033-li-2hmss-5[0m stage [32mpython-lint-task[0m and container [32mstep-credential-initializer-l4sfb[0m
{"level":"warn","ts":1572689680.7390244,"logger":"fallback-logger","caller":"logging/config.go:69","msg":"Fetch GitHub commit ID from kodata failed: \"ref: refs/heads/master\" is not a valid GitHub commit ID"}
{"level":"info","ts":1572689680.739899,"logger":"fallback-logger","caller":"creds-init/main.go:40","msg":"Credentials initialized."}

Showing logs for build [32mseldonio-seldon-core-pr-1033-li-2hmss-5[0m stage [32mpython-lint-task[0m and container [32mstep-working-dir-initializer-hqx5b[0m
{"level":"warn","ts":1572689681.8024065,"logger":"fallback-logger","caller":"logging/config.go:69","msg":"Fetch GitHub commit ID from kodata failed: open /var/run/ko/HEAD: no such file or directory"}
{"level":"info","ts":1572689681.8038285,"logger":"fallback-logger","caller":"bash/main.go:65","msg":"Successfully executed command \"mkdir -p /workspace/source\""}

Showing logs for build [32mseldonio-seldon-core-pr-1033-li-2hmss-5[0m stage [32mpython-lint-task[0m and container [32mstep-place-tools[0m

Showing logs for build [32mseldonio-seldon-core-pr-1033-li-2hmss-5[0m stage [32mpython-lint-task[0m and container [32mstep-git-source-seldonio-seldon-core-pr-1033-li-g4nrh[0m
{"level":"warn","ts":1572689692.173471,"logger":"fallback-logger","caller":"logging/config.go:69","msg":"Fetch GitHub commit ID from kodata failed: \"ref: refs/heads/master\" is not a valid GitHub commit ID"}
{"level":"info","ts":1572689698.1711602,"logger":"fallback-logger","caller":"git/git.go:102","msg":"Successfully cloned https://github.com/SeldonIO/seldon-core.git @ master in path /workspace/source"}

Showing logs for build [32mseldonio-seldon-core-pr-1033-li-2hmss-5[0m stage [32mpython-lint-task[0m and container [32mstep-git-merge[0m
Using SHAs from PULL_REFS=master:58c2d5f891d9681199fbbcf373bf42c9c60a832e,1033:e9a5b86c72e2bf352ce49e17b2ba8fae97a80b14
DEBUG: ran git fetch --unshallow origin e9a5b86c72e2bf352ce49e17b2ba8fae97a80b14: 58c2d5f891d9681199fbbcf373bf42c9c60a832e: in 
DEBUG: ran git checkout master in 
DEBUG: ran git reset --hard 58c2d5f891d9681199fbbcf373bf42c9c60a832e in 
DEBUG: ran clean --force -d . in 
DEBUG: ran git merge e9a5b86c72e2bf352ce49e17b2ba8fae97a80b14 in 
Merged SHA e9a5b86c72e2bf352ce49e17b2ba8fae97a80b14 with commit message 'Updated pre-commit to run on same folders' into base branch master
Merged SHA 97bca68d97e10a9d9a462d210f0fea7ff4caafa7 with commit message 'Ran linter' into base branch master
Merged SHA 481ed88ebb31e834e7d83f79270bde9996d20902 with commit message 'Adding limitations on major versions' into base branch master

Showing logs for build [32mseldonio-seldon-core-pr-1033-li-2hmss-5[0m stage [32mpython-lint-task[0m and container [32mstep-python-lint[0m
make: Entering directory '/workspace/source/python'
pip install black==19.3b0
Collecting black==19.3b0
  Downloading https://files.pythonhosted.org/packages/30/62/cf549544a5fe990bbaeca21e9c419501b2de7a701ab0afb377bc81676600/black-19.3b0-py36-none-any.whl (89kB)
Collecting attrs>=18.1.0
  Downloading https://files.pythonhosted.org/packages/a2/db/4313ab3be961f7a763066401fb77f7748373b6094076ae2bda2806988af6/attrs-19.3.0-py2.py3-none-any.whl
Collecting appdirs
  Downloading https://files.pythonhosted.org/packages/56/eb/810e700ed1349edde4cbdc1b2a21e28cdf115f9faf263f6bbf8447c1abf3/appdirs-1.4.3-py2.py3-none-any.whl
Collecting click>=6.5
  Downloading https://files.pythonhosted.org/packages/fa/37/45185cb5abbc30d7257104c434fe0b07e5a195a6847506c074527aa599ec/Click-7.0-py2.py3-none-any.whl (81kB)
Collecting toml>=0.9.4
  Downloading https://files.pythonhosted.org/packages/a2/12/ced7105d2de62fa7c8fb5fce92cc4ce66b57c95fb875e9318dba7f8c5db0/toml-0.10.0-py2.py3-none-any.whl
Installing collected packages: attrs, appdirs, click, toml, black
Successfully installed appdirs-1.4.3 attrs-19.3.0 black-19.3b0 click-7.0 toml-0.10.0
black \
	--check ./ ../testing \
	--exclude "(testing/scripts/proto|seldon_core/proto/|.eggs)"
All done! ✨ 🍰 ✨
50 files would be left unchanged.
make: Leaving directory '/workspace/source/python'
