
Showing logs for build [32mseldonio-seldon-core-pr-1022-li-2[0m stage [32mpython-lint-task[0m and container [32mstep-credential-initializer-kwmv2[0m
{"level":"warn","ts":1572539749.4571013,"logger":"fallback-logger","caller":"logging/config.go:69","msg":"Fetch GitHub commit ID from kodata failed: \"ref: refs/heads/master\" is not a valid GitHub commit ID"}
{"level":"info","ts":1572539749.4590282,"logger":"fallback-logger","caller":"creds-init/main.go:40","msg":"Credentials initialized."}

Showing logs for build [32mseldonio-seldon-core-pr-1022-li-2[0m stage [32mpython-lint-task[0m and container [32mstep-working-dir-initializer-944jm[0m
{"level":"warn","ts":1572539750.4406466,"logger":"fallback-logger","caller":"logging/config.go:69","msg":"Fetch GitHub commit ID from kodata failed: open /var/run/ko/HEAD: no such file or directory"}
{"level":"info","ts":1572539750.4423532,"logger":"fallback-logger","caller":"bash/main.go:65","msg":"Successfully executed command \"mkdir -p /workspace/source\""}

Showing logs for build [32mseldonio-seldon-core-pr-1022-li-2[0m stage [32mpython-lint-task[0m and container [32mstep-place-tools[0m

Showing logs for build [32mseldonio-seldon-core-pr-1022-li-2[0m stage [32mpython-lint-task[0m and container [32mstep-git-source-seldonio-seldon-core-pr-1022-li-sw2rm[0m
{"level":"warn","ts":1572539757.4407752,"logger":"fallback-logger","caller":"logging/config.go:69","msg":"Fetch GitHub commit ID from kodata failed: \"ref: refs/heads/master\" is not a valid GitHub commit ID"}
{"level":"info","ts":1572539761.4155252,"logger":"fallback-logger","caller":"git/git.go:102","msg":"Successfully cloned https://github.com/SeldonIO/seldon-core.git @ master in path /workspace/source"}

Showing logs for build [32mseldonio-seldon-core-pr-1022-li-2[0m stage [32mpython-lint-task[0m and container [32mstep-git-merge[0m
Using SHAs from PULL_REFS=master:ca8282d8ab37910a7c0a287e6b4c09e200d4fe4f,1022:74e2b40f73dea9a00f1282298ecb7f406561bec9
DEBUG: ran git fetch --unshallow origin 74e2b40f73dea9a00f1282298ecb7f406561bec9: ca8282d8ab37910a7c0a287e6b4c09e200d4fe4f: in 
DEBUG: ran git checkout master in 
DEBUG: ran git reset --hard ca8282d8ab37910a7c0a287e6b4c09e200d4fe4f in 
DEBUG: ran clean --force -d . in 
DEBUG: ran git merge 74e2b40f73dea9a00f1282298ecb7f406561bec9 in 
Merged SHA 74e2b40f73dea9a00f1282298ecb7f406561bec9 with commit message 'Removed the hash as it was crashing the command when the pipeline was ran' into base branch master

Showing logs for build [32mseldonio-seldon-core-pr-1022-li-2[0m stage [32mpython-lint-task[0m and container [32mstep-python-lint[0m
make: Entering directory '/workspace/source/python'
pip install black==19.3b0
Collecting black==19.3b0
  Downloading https://files.pythonhosted.org/packages/30/62/cf549544a5fe990bbaeca21e9c419501b2de7a701ab0afb377bc81676600/black-19.3b0-py36-none-any.whl (89kB)
Collecting click>=6.5
  Downloading https://files.pythonhosted.org/packages/fa/37/45185cb5abbc30d7257104c434fe0b07e5a195a6847506c074527aa599ec/Click-7.0-py2.py3-none-any.whl (81kB)
Collecting attrs>=18.1.0
  Downloading https://files.pythonhosted.org/packages/a2/db/4313ab3be961f7a763066401fb77f7748373b6094076ae2bda2806988af6/attrs-19.3.0-py2.py3-none-any.whl
Collecting toml>=0.9.4
  Downloading https://files.pythonhosted.org/packages/a2/12/ced7105d2de62fa7c8fb5fce92cc4ce66b57c95fb875e9318dba7f8c5db0/toml-0.10.0-py2.py3-none-any.whl
Collecting appdirs
  Downloading https://files.pythonhosted.org/packages/56/eb/810e700ed1349edde4cbdc1b2a21e28cdf115f9faf263f6bbf8447c1abf3/appdirs-1.4.3-py2.py3-none-any.whl
Installing collected packages: click, attrs, toml, appdirs, black
Successfully installed appdirs-1.4.3 attrs-19.3.0 black-19.3b0 click-7.0 toml-0.10.0
black \
	--check ./ ../testing \
	--exclude "(testing/scripts/proto|seldon_core/proto/|.eggs)"
would reformat /workspace/source/python/seldon_core/wrapper.py
would reformat /workspace/source/python/tests/test_model_microservice.py
All done! 💥 💔 💥
2 files would be reformatted, 46 files would be left unchanged.
Makefile:99: recipe for target 'run_linter_check' failed
make: *** [run_linter_check] Error 1
make: Leaving directory '/workspace/source/python'
[31m
Pipeline failed on stage 'python-lint-task' : container 'step-python-lint'. The execution of the pipeline has stopped.[0m
