
Showing logs for build [32mseldonio-seldon-core-pr-1036-li-1[0m stage [32mpython-lint-task[0m and container [32mstep-credential-initializer-s9vw8[0m
{"level":"warn","ts":1573136963.1592782,"logger":"fallback-logger","caller":"logging/config.go:69","msg":"Fetch GitHub commit ID from kodata failed: \"ref: refs/heads/master\" is not a valid GitHub commit ID"}
{"level":"info","ts":1573136963.1602821,"logger":"fallback-logger","caller":"creds-init/main.go:40","msg":"Credentials initialized."}

Showing logs for build [32mseldonio-seldon-core-pr-1036-li-1[0m stage [32mpython-lint-task[0m and container [32mstep-working-dir-initializer-prthr[0m
{"level":"warn","ts":1573136964.1344492,"logger":"fallback-logger","caller":"logging/config.go:69","msg":"Fetch GitHub commit ID from kodata failed: open /var/run/ko/HEAD: no such file or directory"}
{"level":"info","ts":1573136964.1371715,"logger":"fallback-logger","caller":"bash/main.go:65","msg":"Successfully executed command \"mkdir -p /workspace/source\""}

Showing logs for build [32mseldonio-seldon-core-pr-1036-li-1[0m stage [32mpython-lint-task[0m and container [32mstep-place-tools[0m

Showing logs for build [32mseldonio-seldon-core-pr-1036-li-1[0m stage [32mpython-lint-task[0m and container [32mstep-git-source-seldonio-seldon-core-pr-1036-li-4m9f8[0m
{"level":"warn","ts":1573136968.3209383,"logger":"fallback-logger","caller":"logging/config.go:69","msg":"Fetch GitHub commit ID from kodata failed: \"ref: refs/heads/master\" is not a valid GitHub commit ID"}
{"level":"info","ts":1573136971.4442544,"logger":"fallback-logger","caller":"git/git.go:102","msg":"Successfully cloned https://github.com/SeldonIO/seldon-core.git @ master in path /workspace/source"}

Showing logs for build [32mseldonio-seldon-core-pr-1036-li-1[0m stage [32mpython-lint-task[0m and container [32mstep-git-merge[0m
Using SHAs from PULL_REFS=master:9805bb1aa52757705555363cac9435f81a3d48b7,1036:3fec8c85bbb346f1c6b5c07fdb343c16cf77af6b
DEBUG: ran git fetch --unshallow origin 3fec8c85bbb346f1c6b5c07fdb343c16cf77af6b: 9805bb1aa52757705555363cac9435f81a3d48b7: in 
DEBUG: ran git checkout master in 
DEBUG: ran git reset --hard 9805bb1aa52757705555363cac9435f81a3d48b7 in 
DEBUG: ran clean --force -d . in 
DEBUG: ran git merge 3fec8c85bbb346f1c6b5c07fdb343c16cf77af6b in 
Merged SHA b968feb2ec3fe0d884f09b634c52b4765abb394f with commit message 'Merge commit '3fec8c85bbb346f1c6b5c07fdb343c16cf77af6b'' into base branch master
Merged SHA 3fec8c85bbb346f1c6b5c07fdb343c16cf77af6b with commit message 'deleted model pkl files' into base branch master
Merged SHA 0527a6785e9070ec959e5b3ddf67dd79248b7431 with commit message 'deleted model pkl files' into base branch master
Merged SHA ddf00bd1b0e2be2be1b934194024c94c36a595d4 with commit message 'added path to new nblink files' into base branch master
Merged SHA d5d401f9a27520a2d3aa6bdfa973110682e9fc03 with commit message 'Delete input_transformer_spam.nblink' into base branch master
Merged SHA 48e468b968e89c3380f3f1cb5c38306181911ca4 with commit message 'nblink for transformer example' into base branch master
Merged SHA 2cd00329e94622a324886c63a3469aab27aec693 with commit message 'nblink for combiner example' into base branch master
Merged SHA 0572205d91d769a0ce69bed9cc946c397a434f3b with commit message 'renamed notebook file' into base branch master
Merged SHA f8e6dd84b846b8d6c6b0c0ae6650e5a983fd4f73 with commit message 'renamed notebook file' into base branch master
Merged SHA 0b877a927a6d8593998154a83b6fdd9568075e27 with commit message 'renamed notebook files"' into base branch master
Merged SHA 3f580bf8c082ae8fc9ea7f2c7108af34d540d9f6 with commit message 'notebook files to train the model locally and build docker images using s2i' into base branch master
Merged SHA d7ca6d33fd8c079c3ad0f2ba53e99d4145e6f6f1 with commit message 'notebook file to generate the model binaries' into base branch master
Merged SHA 3dcb5e669b9f1ada798d32017909c17c88769b2f with commit message 'Merge branch 'seldon_component_example' of https://github.com/SandhyaaGopchandani/seldon-core into seldon_component_example' into base branch master
Merged SHA 3dd1d4dabbcb49a547acfe9fc39cb2bc62b586f4 with commit message 'notebook file to generate the model binaries' into base branch master
Merged SHA b5b7a8d4eb3b4ba56bdbdae7abfbf097496bdfd7 with commit message 'Delete .DS_Store' into base branch master
Merged SHA 678fbadc9f7748cb0aa0dc60891ee84007b91ef8 with commit message 'updated Readme' into base branch master
Merged SHA 027e2be84111b4cce99bcb459af808fe05d5dba4 with commit message 'updated Readme' into base branch master
Merged SHA 48b5c7351e2b45305cbaeed336f7d73f1d772705 with commit message 'deployment files to work as in on k8s cluster assuming seldon-core is installed' into base branch master
Merged SHA 9b7798bbdb75379a2165c0eb167a61da3f2960d4 with commit message 'updated src code' into base branch master
Merged SHA b3ec36e431a3e733ee89f54dd645a4f51f6923ed with commit message 'updated requirements' into base branch master
Merged SHA df08915d198ba3e8a257b00156c7f2d62e39071e with commit message 'Merge branch 'seldon_component_example' of https://github.com/SandhyaaGopchandani/seldon-core into seldon_component_example' into base branch master
Merged SHA 7b5a6a71135e41b618425ba8bb3c9306b27f969d with commit message 'tested combiner image' into base branch master
Merged SHA 65ea8afd9f78d0e2c5a85b72881a2e501b91275c with commit message 'Delete .DS_Store' into base branch master
Merged SHA c0300935b692f975bc766fc2e2459f6b4a4621f7 with commit message 'added .gitignore' into base branch master
Merged SHA 7d5ce26e04b9798669eb0e9238c89257d70fc61f with commit message 'added .gitignore' into base branch master
Merged SHA 2a7683fa94911cd23c5b83c31a8c39738798767a with commit message 'updated readme' into base branch master
Merged SHA 59f7d4caade8987b4f9a03bb58337516d82b7ddc with commit message 'updated readme' into base branch master
Merged SHA efb3a917a39328e185ed46fa178ba96185682572 with commit message 'resolved conflict' into base branch master
Merged SHA 992fc5d3e0b7c2492b4d5eeef5525e676883de37 with commit message 'updated code for Translator plus added requirements' into base branch master
Merged SHA f74c1f1a453114162f9aaff1b17c6aaa7be49233 with commit message 'updated code for Translator plus added requirements' into base branch master
Merged SHA c1c5e9205c8de16718b6342af173b3ed436cdefd with commit message 'Delete .DS_Store' into base branch master
Merged SHA cebfc845fec445e0cb395682789fafa24a0f2e71 with commit message 'Delete .DS_Store' into base branch master
Merged SHA 59577a2fa959f3ee0b198344dc69ca6c0ca9bc59 with commit message 'Delete .DS_Store' into base branch master
Merged SHA eea2ee9da24e8c0a431efb096b2bf9bd43535eee with commit message 'added keras model architecture files along with working python code' into base branch master
Merged SHA 2a663a5dd4b5df06afe3eb5a387c2269335df7d6 with commit message 'updated skl-spam-classifier' into base branch master
Merged SHA 4ec47fcdebc0068b880d532988ac4578f5b83fa8 with commit message 'updated code and README for Translator image' into base branch master
Merged SHA fc8149e6e3e627837ba17f98d8b47a5fa20f1f24 with commit message 'added example of how to test the image' into base branch master
Merged SHA ea20f341019afd70a834f55813e7e9c99e4cc17d with commit message 'Merge branch 'seldon_component_example' of https://github.com/SandhyaaGopchandani/seldon-core into seldon_component_example' into base branch master
Merged SHA a0ad806304d8213dc2ba7157ff8e7fead840e53d with commit message 'added example of how to test the image' into base branch master
Merged SHA ea9f71092609516d8c6a8bacd63968b454274eaf with commit message 'Delete .DS_Store' into base branch master
Merged SHA 6c3df8d08975af568a362cb14befda74bc25e0d8 with commit message 'Delete Untitled.ipynb' into base branch master
Merged SHA 4df63b632055f26b6ffb77d739d515bb61d29bf5 with commit message 'Delete .DS_Store' into base branch master
Merged SHA 52aa5b39740a2daf173015437d02ccbb50b0fa51 with commit message 'working example with correct model file and vectorizer' into base branch master
Merged SHA 38842db1d7f1d1e0beafa8b899ce45dd92ca0b7d with commit message 'updated README files' into base branch master
Merged SHA 0521475a390fc8eb8f7a632cdd0d42d85387eaab with commit message 'updated README files' into base branch master
Merged SHA a9c7b04f205f4c23b44c9d9a3a41901f41822f7d with commit message 'updated README files' into base branch master
Merged SHA 1ba5b1e51fd79096ff012e615dc5b4f7ad0f909e with commit message 'updated README' into base branch master
Merged SHA 24c2a7f51a09251c9d521dd2ee0609efa0e5443a with commit message 'updated README' into base branch master
Merged SHA 3ec7f10cff71bfde151fb8b41475471ebab2d5c4 with commit message 'updated README' into base branch master
Merged SHA 9039d8ce65f93ddd8159da35539cbae9dd7d3675 with commit message 'updated README' into base branch master
Merged SHA 12ff049797e168d498c05113d6e05ff1cc21ce74 with commit message 'updated README' into base branch master
Merged SHA 71e3204c6e5238938b56a4532ab1c857fb7675eb with commit message 'adding graph explanation' into base branch master
Merged SHA 9724d338c6426bb6eaadb1921c4714cf479e6abd with commit message 'updated Combiner.py' into base branch master
Merged SHA 005c6117e4190735e5360a42cc8f81bad7191f37 with commit message 'updated Combiner.py' into base branch master
Merged SHA 8131877b4213d0cdef203a37e5afccc057e016dd with commit message 'updated Combiner.py' into base branch master
Merged SHA f368c1b53bbb384e707c3ca245f2e3da8f3a94d7 with commit message 'updated README' into base branch master
Merged SHA e42f63009100f6691a96e20c01cf72076c78960c with commit message 'updated deploy.yaml' into base branch master
Merged SHA 32c049cada15d3d60dba74102ede85a58fe817b3 with commit message 'added dockerhub path for docker images' into base branch master
Merged SHA 2538351102228c187c39723ebc7409c222b68374 with commit message 'updated readme' into base branch master
Merged SHA a1b8a7acc17cdbca711035949505e39747ec1b76 with commit message 'graph explanation pic' into base branch master
Merged SHA 61c2c87e6c2a8a47bfabe50114bceb87ea9bc21f with commit message 'updated readme' into base branch master
Merged SHA ab50759399711dcb3f99839e2e71b11dbb4cc308 with commit message 'updated readme' into base branch master
Merged SHA 4b5f299ad73fab6187a693f007d37ba3f8c2961e with commit message 'graph explanation pic' into base branch master
Merged SHA 6079e242c6ae4f752bda91353c9e22a28827a958 with commit message 'README updated"' into base branch master
Merged SHA 127a2e03e294dbde64044eae828dc6e08033bea3 with commit message 'adding model pipeline image and updating readme"' into base branch master
Merged SHA 2be50df262688309a2345779012408f6e18e66e0 with commit message 'adding model pipeline image and updating readme"' into base branch master
Merged SHA f4941561c423b0a96ae8da5377ec66b56b9ccbfd with commit message 'updated README' into base branch master
Merged SHA dc0d5d2028e976951734b1ffe9dc97fc6ad413f9 with commit message 'adding inference graph image' into base branch master
Merged SHA f2091cba6cb35a3d8d5ebfb1287f97714f111cfe with commit message 'upating readme' into base branch master
Merged SHA eceab69e5bbdbd90ef637014d0efaae3060e6edb with commit message 'updating readme files' into base branch master
Merged SHA 88b8e730d58aefc2e3ef9d988a19438c109ba937 with commit message 'adding readme files' into base branch master
Merged SHA 7c0865851e13b14c10f89b6b2b7ac66f7cd86593 with commit message 'Merge branch 'seldon_component_example' of https://github.com/SandhyaaGopchandani/seldon-core into seldon_component_example' into base branch master
Merged SHA 826281dafc3689fa82684d4e9a593dca940df8a4 with commit message 'adding Translator' into base branch master
Merged SHA 4aea4ebdc3c2902cfb0f07f75ac03de74c5d6faf with commit message 'Delete deploy.yaml' into base branch master
Merged SHA 1e612519c9a844f916f8eaa1a56a030d61d27892 with commit message 'Merge branch 'seldon_component_example' of https://github.com/SandhyaaGopchandani/seldon-core into seldon_component_example' into base branch master
Merged SHA ed509f78696645777c0f57cad334b6f07410a434 with commit message 'more descriptive names for classifiers' into base branch master
Merged SHA a9309bd693583357e02ff7477c0d66f47c44f848 with commit message 'Delete .DS_Store' into base branch master
Merged SHA 587ef22bc7fee060770df520ca5e102c061ecdaa with commit message 'example for Seldon combiner component' into base branch master
Merged SHA 5029dce489dd4aac7272452665cd1fad1fb23052 with commit message 'updated readme' into base branch master
Merged SHA 6e4252129df43603c3a2b546781498fe06b85aa1 with commit message 'Merge branch 'seldon_component_example' of https://github.com/SandhyaaGopchandani/seldon-core into seldon_component_example' into base branch master
Merged SHA e6d473a9bc7febf8cd040b5c3022389480181eb2 with commit message 'updated readme' into base branch master
Merged SHA e7735f08998c436ee3e8b01ffd52ef8228a7514a with commit message 'Delete .DS_Store' into base branch master
Merged SHA 1ab253cf6efeeb0a8031e97db448cfd4a9de852f with commit message 'deleted' into base branch master
Merged SHA c728c71dd544260fa0859bbd1a098ae6d71a9a14 with commit message 'updated readme' into base branch master
Merged SHA e242062a407b549738d3fe7c2c41bb4407a39a45 with commit message 'commiting contents of classifier' into base branch master
Merged SHA 2bd2c88829a3f312070a9ed12f2da326c52bb341 with commit message 'adding seldon inference graph that uses input transformer for spam classification example' into base branch master
Merged SHA 4f77321eb7f0393c4b9dde08cf7cd4ac66446507 with commit message 'adding seldon inference graph that uses input transformer for spam classification example' into base branch master

Showing logs for build [32mseldonio-seldon-core-pr-1036-li-1[0m stage [32mpython-lint-task[0m and container [32mstep-python-lint[0m
make: Entering directory '/workspace/source/python'
pip install black==19.3b0
Collecting black==19.3b0
  Downloading https://files.pythonhosted.org/packages/30/62/cf549544a5fe990bbaeca21e9c419501b2de7a701ab0afb377bc81676600/black-19.3b0-py36-none-any.whl (89kB)
Collecting attrs>=18.1.0
  Downloading https://files.pythonhosted.org/packages/a2/db/4313ab3be961f7a763066401fb77f7748373b6094076ae2bda2806988af6/attrs-19.3.0-py2.py3-none-any.whl
Collecting click>=6.5
  Downloading https://files.pythonhosted.org/packages/fa/37/45185cb5abbc30d7257104c434fe0b07e5a195a6847506c074527aa599ec/Click-7.0-py2.py3-none-any.whl (81kB)
Collecting toml>=0.9.4
  Downloading https://files.pythonhosted.org/packages/a2/12/ced7105d2de62fa7c8fb5fce92cc4ce66b57c95fb875e9318dba7f8c5db0/toml-0.10.0-py2.py3-none-any.whl
Collecting appdirs
  Downloading https://files.pythonhosted.org/packages/56/eb/810e700ed1349edde4cbdc1b2a21e28cdf115f9faf263f6bbf8447c1abf3/appdirs-1.4.3-py2.py3-none-any.whl
Installing collected packages: attrs, click, toml, appdirs, black
Successfully installed appdirs-1.4.3 attrs-19.3.0 black-19.3b0 click-7.0 toml-0.10.0
black \
	--check ./ ../testing \
	--exclude "(testing/scripts/proto|seldon_core/proto/|.eggs)"
would reformat /workspace/source/python/seldon_core/version.py
All done! 💥 💔 💥
1 file would be reformatted, 49 files would be left unchanged.
Makefile:112: recipe for target 'run_linter_check' failed
make: Leaving directory '/workspace/source/python'
make: *** [run_linter_check] Error 1
[31m
Pipeline failed on stage 'python-lint-task' : container 'step-python-lint'. The execution of the pipeline has stopped.[0m
