
Showing logs for build [32mseldonio-seldon-core-pr-1011-li-srzc5-4[0m stage [32mpython-lint-task[0m and container [32mstep-credential-initializer-sm5tt[0m
{"level":"warn","ts":1573055692.8321464,"logger":"fallback-logger","caller":"logging/config.go:69","msg":"Fetch GitHub commit ID from kodata failed: \"ref: refs/heads/master\" is not a valid GitHub commit ID"}
{"level":"info","ts":1573055692.8329897,"logger":"fallback-logger","caller":"creds-init/main.go:40","msg":"Credentials initialized."}

Showing logs for build [32mseldonio-seldon-core-pr-1011-li-srzc5-4[0m stage [32mpython-lint-task[0m and container [32mstep-working-dir-initializer-8npx4[0m
{"level":"warn","ts":1573055693.7984107,"logger":"fallback-logger","caller":"logging/config.go:69","msg":"Fetch GitHub commit ID from kodata failed: open /var/run/ko/HEAD: no such file or directory"}
{"level":"info","ts":1573055693.8010032,"logger":"fallback-logger","caller":"bash/main.go:65","msg":"Successfully executed command \"mkdir -p /workspace/source\""}

Showing logs for build [32mseldonio-seldon-core-pr-1011-li-srzc5-4[0m stage [32mpython-lint-task[0m and container [32mstep-place-tools[0m

Showing logs for build [32mseldonio-seldon-core-pr-1011-li-srzc5-4[0m stage [32mpython-lint-task[0m and container [32mstep-git-source-seldonio-seldon-core-pr-1011-li-zztfn[0m
{"level":"warn","ts":1573055700.9506586,"logger":"fallback-logger","caller":"logging/config.go:69","msg":"Fetch GitHub commit ID from kodata failed: \"ref: refs/heads/master\" is not a valid GitHub commit ID"}
{"level":"info","ts":1573055704.480791,"logger":"fallback-logger","caller":"git/git.go:102","msg":"Successfully cloned https://github.com/SeldonIO/seldon-core.git @ master in path /workspace/source"}

Showing logs for build [32mseldonio-seldon-core-pr-1011-li-srzc5-4[0m stage [32mpython-lint-task[0m and container [32mstep-git-merge[0m
Using SHAs from PULL_REFS=master:620988a829f9ff2c65aee4bd6ca9689baa8b09b4,1011:57e105bf80ea4dce8846e8764fbb6dad43e92cad
DEBUG: ran git fetch --unshallow origin 57e105bf80ea4dce8846e8764fbb6dad43e92cad: 620988a829f9ff2c65aee4bd6ca9689baa8b09b4: in 
DEBUG: ran git checkout master in 
DEBUG: ran git reset --hard 620988a829f9ff2c65aee4bd6ca9689baa8b09b4 in 
DEBUG: ran clean --force -d . in 
DEBUG: ran git merge 57e105bf80ea4dce8846e8764fbb6dad43e92cad in 
Merged SHA f2d0628835ff66e9287d1169246cd89639cbf98a with commit message 'Merge commit '57e105bf80ea4dce8846e8764fbb6dad43e92cad'' into base branch master
Merged SHA 57e105bf80ea4dce8846e8764fbb6dad43e92cad with commit message 'Updated Python-GPU Wrapper' into base branch master
Merged SHA 1de6b1506805adb2e46155112c520264351f6b8d with commit message 'Updated GPU wrapper' into base branch master
Merged SHA f7bc182fefe5a3ede67fd864ff5c87c712a58393 with commit message 'Updated GPU wrapper to uninstall TF without GPU' into base branch master

Showing logs for build [32mseldonio-seldon-core-pr-1011-li-srzc5-4[0m stage [32mpython-lint-task[0m and container [32mstep-python-lint[0m
make: Entering directory '/workspace/source/python'
pip install black==19.3b0
Collecting black==19.3b0
  Downloading https://files.pythonhosted.org/packages/30/62/cf549544a5fe990bbaeca21e9c419501b2de7a701ab0afb377bc81676600/black-19.3b0-py36-none-any.whl (89kB)
Collecting attrs>=18.1.0
  Downloading https://files.pythonhosted.org/packages/a2/db/4313ab3be961f7a763066401fb77f7748373b6094076ae2bda2806988af6/attrs-19.3.0-py2.py3-none-any.whl
Collecting appdirs
  Downloading https://files.pythonhosted.org/packages/56/eb/810e700ed1349edde4cbdc1b2a21e28cdf115f9faf263f6bbf8447c1abf3/appdirs-1.4.3-py2.py3-none-any.whl
Collecting toml>=0.9.4
  Downloading https://files.pythonhosted.org/packages/a2/12/ced7105d2de62fa7c8fb5fce92cc4ce66b57c95fb875e9318dba7f8c5db0/toml-0.10.0-py2.py3-none-any.whl
Collecting click>=6.5
  Downloading https://files.pythonhosted.org/packages/fa/37/45185cb5abbc30d7257104c434fe0b07e5a195a6847506c074527aa599ec/Click-7.0-py2.py3-none-any.whl (81kB)
Installing collected packages: attrs, appdirs, toml, click, black
Successfully installed appdirs-1.4.3 attrs-19.3.0 black-19.3b0 click-7.0 toml-0.10.0
black \
	--check ./ ../testing \
	--exclude "(testing/scripts/proto|seldon_core/proto/|.eggs)"
would reformat /workspace/source/python/seldon_core/version.py
All done! 💥 💔 💥
1 file would be reformatted, 49 files would be left unchanged.
Makefile:112: recipe for target 'run_linter_check' failed
make: Leaving directory '/workspace/source/python'
make: *** [run_linter_check] Error 1
[31m
Pipeline failed on stage 'python-lint-task' : container 'step-python-lint'. The execution of the pipeline has stopped.[0m
