
Showing logs for build [32mseldonio-seldon-core-pr-1051-li-c64rr-6[0m stage [32mpython-lint-task[0m and container [32mstep-credential-initializer-s4hzd[0m
{"level":"warn","ts":1573031959.0144963,"logger":"fallback-logger","caller":"logging/config.go:69","msg":"Fetch GitHub commit ID from kodata failed: \"ref: refs/heads/master\" is not a valid GitHub commit ID"}
{"level":"info","ts":1573031959.0150535,"logger":"fallback-logger","caller":"creds-init/main.go:40","msg":"Credentials initialized."}

Showing logs for build [32mseldonio-seldon-core-pr-1051-li-c64rr-6[0m stage [32mpython-lint-task[0m and container [32mstep-working-dir-initializer-q76n6[0m
{"level":"warn","ts":1573031961.7707188,"logger":"fallback-logger","caller":"logging/config.go:69","msg":"Fetch GitHub commit ID from kodata failed: open /var/run/ko/HEAD: no such file or directory"}
{"level":"info","ts":1573031961.7852015,"logger":"fallback-logger","caller":"bash/main.go:65","msg":"Successfully executed command \"mkdir -p /workspace/source\""}

Showing logs for build [32mseldonio-seldon-core-pr-1051-li-c64rr-6[0m stage [32mpython-lint-task[0m and container [32mstep-place-tools[0m

Showing logs for build [32mseldonio-seldon-core-pr-1051-li-c64rr-6[0m stage [32mpython-lint-task[0m and container [32mstep-git-source-seldonio-seldon-core-pr-1051-li-86wlp[0m
{"level":"warn","ts":1573032004.7170944,"logger":"fallback-logger","caller":"logging/config.go:69","msg":"Fetch GitHub commit ID from kodata failed: \"ref: refs/heads/master\" is not a valid GitHub commit ID"}
{"level":"info","ts":1573032018.502029,"logger":"fallback-logger","caller":"git/git.go:102","msg":"Successfully cloned https://github.com/SeldonIO/seldon-core.git @ master in path /workspace/source"}

Showing logs for build [32mseldonio-seldon-core-pr-1051-li-c64rr-6[0m stage [32mpython-lint-task[0m and container [32mstep-git-merge[0m
Using SHAs from PULL_REFS=master:ef12dc4bab8bc75a6ed70e6bf52b3151284d0d54,1051:0926f3c038d6b5655e2502e64853c9e5439e4226
DEBUG: ran git fetch --unshallow origin 0926f3c038d6b5655e2502e64853c9e5439e4226: ef12dc4bab8bc75a6ed70e6bf52b3151284d0d54: in 
DEBUG: ran git checkout master in 
DEBUG: ran git reset --hard ef12dc4bab8bc75a6ed70e6bf52b3151284d0d54 in 
DEBUG: ran clean --force -d . in 
DEBUG: ran git merge 0926f3c038d6b5655e2502e64853c9e5439e4226 in 
Merged SHA 0926f3c038d6b5655e2502e64853c9e5439e4226 with commit message 'Bump tornado from 4.5.3 to 6.0.3 in /python' into base branch master

Showing logs for build [32mseldonio-seldon-core-pr-1051-li-c64rr-6[0m stage [32mpython-lint-task[0m and container [32mstep-python-lint[0m
make: Entering directory '/workspace/source/python'
pip install black==19.3b0
Collecting black==19.3b0
  Downloading https://files.pythonhosted.org/packages/30/62/cf549544a5fe990bbaeca21e9c419501b2de7a701ab0afb377bc81676600/black-19.3b0-py36-none-any.whl (89kB)
Collecting attrs>=18.1.0
  Downloading https://files.pythonhosted.org/packages/a2/db/4313ab3be961f7a763066401fb77f7748373b6094076ae2bda2806988af6/attrs-19.3.0-py2.py3-none-any.whl
Collecting toml>=0.9.4
  Downloading https://files.pythonhosted.org/packages/a2/12/ced7105d2de62fa7c8fb5fce92cc4ce66b57c95fb875e9318dba7f8c5db0/toml-0.10.0-py2.py3-none-any.whl
Collecting click>=6.5
  Downloading https://files.pythonhosted.org/packages/fa/37/45185cb5abbc30d7257104c434fe0b07e5a195a6847506c074527aa599ec/Click-7.0-py2.py3-none-any.whl (81kB)
Collecting appdirs
  Downloading https://files.pythonhosted.org/packages/56/eb/810e700ed1349edde4cbdc1b2a21e28cdf115f9faf263f6bbf8447c1abf3/appdirs-1.4.3-py2.py3-none-any.whl
Installing collected packages: attrs, toml, click, appdirs, black
Successfully installed appdirs-1.4.3 attrs-19.3.0 black-19.3b0 click-7.0 toml-0.10.0
black \
	--check ./ ../testing \
	--exclude "(testing/scripts/proto|seldon_core/proto/|.eggs)"
All done! ✨ 🍰 ✨
50 files would be left unchanged.
make: Leaving directory '/workspace/source/python'
